/home/wangsh/DBALwithImgData-main/main.py:10: DeprecationWarning: Please use `gaussian_filter1d` from the `scipy.ndimage` namespace, the `scipy.ndimage.filters` namespace is deprecated.
  from scipy.ndimage.filters import gaussian_filter1d
Using device: cuda:0
state_loop:  [True]

---------- Start max_entropy-MC_dropout=True training! ----------
args.dataset is:  ASL_MNIST_imbal
label_num is:  25
model.conv1 :  Conv2d(3, 64, kernel_size=(7, 7), stride=(2, 2), padding=(3, 3), bias=False)
********** Experiment Iterations: 1/1 **********
X_init.shape:  (48, 1, 28, 28)
y_init.shape:  (48,)
Val Accuracy after query 5: 0.3000
test Accuracy after query 5: 0.2660
Val Accuracy after query 10: 0.4700
test Accuracy after query 10: 0.4076
Val Accuracy after query 15: 0.4500
test Accuracy after query 15: 0.3752
Val Accuracy after query 20: 0.5800
test Accuracy after query 20: 0.4688
Val Accuracy after query 25: 0.6800
test Accuracy after query 25: 0.5516
Val Accuracy after query 30: 0.7600
test Accuracy after query 30: 0.6778
Val Accuracy after query 35: 0.8100
test Accuracy after query 35: 0.6612
Val Accuracy after query 40: 0.7900
test Accuracy after query 40: 0.6724
Val Accuracy after query 45: 0.8200
test Accuracy after query 45: 0.7218
Val Accuracy after query 50: 0.7200
test Accuracy after query 50: 0.6300
Val Accuracy after query 55: 0.8900
test Accuracy after query 55: 0.8014
Val Accuracy after query 60: 0.8800
test Accuracy after query 60: 0.8214
Val Accuracy after query 65: 0.8600
test Accuracy after query 65: 0.8464
Val Accuracy after query 70: 0.9600
test Accuracy after query 70: 0.8780
Val Accuracy after query 75: 0.9500
test Accuracy after query 75: 0.8520
/home/wangsh/DBALwithImgData-main/main.py:114: UserWarning: Matplotlib is currently using agg, which is a non-GUI backend, so cannot show the figure.
  plt.show()
Val Accuracy after query 80: 0.9300
test Accuracy after query 80: 0.8352
********** Test Accuracy per experiment: 0.8352 **********
********** Experiment 1 (max_entropy-MC_dropout=True): 0:26:41 **********
Average Test score for max_entropy-MC_dropout=True: 0.8352
--------------- Done Training! ---------------
