/home/wangsh/DBALwithImgData-main/main.py:10: DeprecationWarning: Please use `gaussian_filter1d` from the `scipy.ndimage` namespace, the `scipy.ndimage.filters` namespace is deprecated.
  from scipy.ndimage.filters import gaussian_filter1d
Using device: cuda:0
Dataset is unwei_ASL_MNIST
DataLoader :  <load_data.LoadASLData object at 0x148b167c6dc0>

---------- Start uniform-MC_dropout=True training! ----------
********** Experiment Iterations: 1/3 **********
X_init.shape:  (48, 1, 28, 28)
y_init.shape:  (48,)
Val Accuracy after query 5: 0.4200
test Accuracy after query 5: 0.3934
Val Accuracy after query 10: 0.4600
test Accuracy after query 10: 0.4642
Val Accuracy after query 15: 0.5700
test Accuracy after query 15: 0.5682
Val Accuracy after query 20: 0.6100
test Accuracy after query 20: 0.5986
Val Accuracy after query 25: 0.7000
test Accuracy after query 25: 0.6480
Val Accuracy after query 30: 0.6500
test Accuracy after query 30: 0.6930
Val Accuracy after query 35: 0.7100
test Accuracy after query 35: 0.6954
Val Accuracy after query 40: 0.7200
test Accuracy after query 40: 0.7166
Val Accuracy after query 45: 0.7600
test Accuracy after query 45: 0.7276
Val Accuracy after query 50: 0.8100
test Accuracy after query 50: 0.7512
Val Accuracy after query 55: 0.7900
test Accuracy after query 55: 0.7780
Val Accuracy after query 60: 0.8100
test Accuracy after query 60: 0.7730
Val Accuracy after query 65: 0.8500
test Accuracy after query 65: 0.8028
Val Accuracy after query 70: 0.8600
test Accuracy after query 70: 0.8102
Val Accuracy after query 75: 0.9000
test Accuracy after query 75: 0.8136
Val Accuracy after query 80: 0.8600
test Accuracy after query 80: 0.8328
Val Accuracy after query 85: 0.8700
test Accuracy after query 85: 0.8324
Val Accuracy after query 90: 0.8800
test Accuracy after query 90: 0.8494
Val Accuracy after query 95: 0.8700
test Accuracy after query 95: 0.8560
Val Accuracy after query 100: 0.9200
test Accuracy after query 100: 0.8574
Val Accuracy after query 105: 0.8900
test Accuracy after query 105: 0.8556
Val Accuracy after query 110: 0.9200
test Accuracy after query 110: 0.8888
Val Accuracy after query 115: 0.9100
test Accuracy after query 115: 0.8790
Val Accuracy after query 120: 0.9200
test Accuracy after query 120: 0.8812
Val Accuracy after query 125: 0.9300
test Accuracy after query 125: 0.8850
Val Accuracy after query 130: 0.9100
test Accuracy after query 130: 0.8832
Val Accuracy after query 135: 0.9300
test Accuracy after query 135: 0.8888
Val Accuracy after query 140: 0.9200
test Accuracy after query 140: 0.8864
Val Accuracy after query 145: 0.9300
test Accuracy after query 145: 0.8834
Val Accuracy after query 150: 0.9300
test Accuracy after query 150: 0.8938
********** Test Accuracy per experiment: 0.8938 **********
********** Experiment 1 (uniform-MC_dropout=True): 0:5:47 **********
********** Experiment Iterations: 2/3 **********
X_init.shape:  (48, 1, 28, 28)
y_init.shape:  (48,)
Val Accuracy after query 5: 0.3600
test Accuracy after query 5: 0.4070
Val Accuracy after query 10: 0.4500
test Accuracy after query 10: 0.4930
Val Accuracy after query 15: 0.5600
test Accuracy after query 15: 0.5536
Val Accuracy after query 20: 0.6200
test Accuracy after query 20: 0.5796
Val Accuracy after query 25: 0.6800
test Accuracy after query 25: 0.5866
Val Accuracy after query 30: 0.6900
test Accuracy after query 30: 0.6458
Val Accuracy after query 35: 0.7300
test Accuracy after query 35: 0.6778
Val Accuracy after query 40: 0.7700
test Accuracy after query 40: 0.7250
Val Accuracy after query 45: 0.7600
test Accuracy after query 45: 0.6846
Val Accuracy after query 50: 0.7600
test Accuracy after query 50: 0.7436
Val Accuracy after query 55: 0.7900
test Accuracy after query 55: 0.7472
Val Accuracy after query 60: 0.8400
test Accuracy after query 60: 0.7678
Val Accuracy after query 65: 0.9000
test Accuracy after query 65: 0.7692
Val Accuracy after query 70: 0.8500
test Accuracy after query 70: 0.7920
Val Accuracy after query 75: 0.8900
test Accuracy after query 75: 0.8124
Val Accuracy after query 80: 0.9200
test Accuracy after query 80: 0.8274
Val Accuracy after query 85: 0.9300
test Accuracy after query 85: 0.8114
Val Accuracy after query 90: 0.9200
test Accuracy after query 90: 0.8352
Val Accuracy after query 95: 0.9400
test Accuracy after query 95: 0.8438
Val Accuracy after query 100: 0.9400
test Accuracy after query 100: 0.8294
Val Accuracy after query 105: 0.9400
test Accuracy after query 105: 0.8562
Val Accuracy after query 110: 0.9400
test Accuracy after query 110: 0.8458
Val Accuracy after query 115: 0.9400
test Accuracy after query 115: 0.8498
Val Accuracy after query 120: 0.9600
test Accuracy after query 120: 0.8644
Val Accuracy after query 125: 0.9800
test Accuracy after query 125: 0.8526
Val Accuracy after query 130: 0.9800
test Accuracy after query 130: 0.8680
Val Accuracy after query 135: 0.9900
test Accuracy after query 135: 0.8702
Val Accuracy after query 140: 0.9900
test Accuracy after query 140: 0.8720
Val Accuracy after query 145: 0.9800
test Accuracy after query 145: 0.8750
Val Accuracy after query 150: 0.9700
test Accuracy after query 150: 0.8774
********** Test Accuracy per experiment: 0.8774 **********
********** Experiment 2 (uniform-MC_dropout=True): 0:5:41 **********
********** Experiment Iterations: 3/3 **********
X_init.shape:  (48, 1, 28, 28)
y_init.shape:  (48,)
Val Accuracy after query 5: 0.4000
test Accuracy after query 5: 0.4232
Val Accuracy after query 10: 0.4600
test Accuracy after query 10: 0.4754
Val Accuracy after query 15: 0.5900
test Accuracy after query 15: 0.5162
Val Accuracy after query 20: 0.7000
test Accuracy after query 20: 0.5608
Val Accuracy after query 25: 0.6500
test Accuracy after query 25: 0.6388
Val Accuracy after query 30: 0.6700
test Accuracy after query 30: 0.6774
Val Accuracy after query 35: 0.7300
test Accuracy after query 35: 0.7022
Val Accuracy after query 40: 0.7500
test Accuracy after query 40: 0.7296
Val Accuracy after query 45: 0.7900
test Accuracy after query 45: 0.7578
Val Accuracy after query 50: 0.8200
test Accuracy after query 50: 0.7806
Val Accuracy after query 55: 0.8300
test Accuracy after query 55: 0.7734
Val Accuracy after query 60: 0.8600
test Accuracy after query 60: 0.8146
Val Accuracy after query 65: 0.8700
test Accuracy after query 65: 0.8056
Val Accuracy after query 70: 0.8900
test Accuracy after query 70: 0.8134
Val Accuracy after query 75: 0.9100
test Accuracy after query 75: 0.7972
Val Accuracy after query 80: 0.9000
test Accuracy after query 80: 0.8160
Val Accuracy after query 85: 0.9200
test Accuracy after query 85: 0.8138
Val Accuracy after query 90: 0.9400
test Accuracy after query 90: 0.8360
Val Accuracy after query 95: 0.9000
test Accuracy after query 95: 0.8330
Val Accuracy after query 100: 0.9100
test Accuracy after query 100: 0.8492
Val Accuracy after query 105: 0.9100
test Accuracy after query 105: 0.8536
Val Accuracy after query 110: 0.9100
test Accuracy after query 110: 0.8392
Val Accuracy after query 115: 0.9200
test Accuracy after query 115: 0.8606
Val Accuracy after query 120: 0.9100
test Accuracy after query 120: 0.8568
Val Accuracy after query 125: 0.9200
test Accuracy after query 125: 0.8642
Val Accuracy after query 130: 0.9200
test Accuracy after query 130: 0.8732
Val Accuracy after query 135: 0.9400
test Accuracy after query 135: 0.8598
Val Accuracy after query 140: 0.9200
test Accuracy after query 140: 0.8774
Val Accuracy after query 145: 0.9400
test Accuracy after query 145: 0.8878
Val Accuracy after query 150: 0.9500
test Accuracy after query 150: 0.8770
********** Test Accuracy per experiment: 0.877 **********
********** Experiment 3 (uniform-MC_dropout=True): 0:5:41 **********
Average Test score for uniform-MC_dropout=True: 0.8827333333333334
Saved: result_npy/uniform-MC_dropout=Trueunwei_ASL_MNIST.npy

---------- Start max_entropy-MC_dropout=True training! ----------
********** Experiment Iterations: 1/3 **********
X_init.shape:  (48, 1, 28, 28)
y_init.shape:  (48,)
Val Accuracy after query 5: 0.3700
test Accuracy after query 5: 0.4246
Val Accuracy after query 10: 0.4100
test Accuracy after query 10: 0.4834
Val Accuracy after query 15: 0.5300
test Accuracy after query 15: 0.5700
Val Accuracy after query 20: 0.6200
test Accuracy after query 20: 0.6172
Val Accuracy after query 25: 0.6900
test Accuracy after query 25: 0.6828
Val Accuracy after query 30: 0.7300
test Accuracy after query 30: 0.7148
Val Accuracy after query 35: 0.8300
test Accuracy after query 35: 0.7316
Val Accuracy after query 40: 0.8500
test Accuracy after query 40: 0.7948
Val Accuracy after query 45: 0.8900
test Accuracy after query 45: 0.8250
Val Accuracy after query 50: 0.9100
test Accuracy after query 50: 0.8382
Val Accuracy after query 55: 0.9300
test Accuracy after query 55: 0.8478
Val Accuracy after query 60: 0.9500
test Accuracy after query 60: 0.8696
Val Accuracy after query 65: 0.9800
test Accuracy after query 65: 0.8948
Val Accuracy after query 70: 0.9900
test Accuracy after query 70: 0.8964
Val Accuracy after query 75: 0.9900
test Accuracy after query 75: 0.9058
Val Accuracy after query 80: 0.9900
test Accuracy after query 80: 0.9132
Val Accuracy after query 85: 0.9900
test Accuracy after query 85: 0.9258
Val Accuracy after query 90: 1.0000
test Accuracy after query 90: 0.9310
Val Accuracy after query 95: 1.0000
test Accuracy after query 95: 0.9340
Val Accuracy after query 100: 1.0000
test Accuracy after query 100: 0.9246
Val Accuracy after query 105: 1.0000
test Accuracy after query 105: 0.9280
Val Accuracy after query 110: 1.0000
test Accuracy after query 110: 0.9336
Val Accuracy after query 115: 1.0000
test Accuracy after query 115: 0.9342
Val Accuracy after query 120: 1.0000
test Accuracy after query 120: 0.9312
Val Accuracy after query 125: 1.0000
test Accuracy after query 125: 0.9322
Val Accuracy after query 130: 1.0000
test Accuracy after query 130: 0.9314
Val Accuracy after query 135: 1.0000
test Accuracy after query 135: 0.9224
Val Accuracy after query 140: 1.0000
test Accuracy after query 140: 0.9382
Val Accuracy after query 145: 1.0000
test Accuracy after query 145: 0.9288
Val Accuracy after query 150: 1.0000
test Accuracy after query 150: 0.9356
********** Test Accuracy per experiment: 0.9356 **********
********** Experiment 1 (max_entropy-MC_dropout=True): 0:26:51 **********
********** Experiment Iterations: 2/3 **********
X_init.shape:  (48, 1, 28, 28)
y_init.shape:  (48,)
Val Accuracy after query 5: 0.3300
test Accuracy after query 5: 0.3308
Val Accuracy after query 10: 0.4100
test Accuracy after query 10: 0.4146
Val Accuracy after query 15: 0.5500
test Accuracy after query 15: 0.4982
Val Accuracy after query 20: 0.5300
test Accuracy after query 20: 0.5944
Val Accuracy after query 25: 0.6600
test Accuracy after query 25: 0.6382
Val Accuracy after query 30: 0.7200
test Accuracy after query 30: 0.6928
Val Accuracy after query 35: 0.8100
test Accuracy after query 35: 0.7694
Val Accuracy after query 40: 0.8400
test Accuracy after query 40: 0.7638
Val Accuracy after query 45: 0.8600
test Accuracy after query 45: 0.7922
Val Accuracy after query 50: 0.9000
test Accuracy after query 50: 0.7972
Val Accuracy after query 55: 0.9300
test Accuracy after query 55: 0.8316
Val Accuracy after query 60: 0.9200
test Accuracy after query 60: 0.8350
Val Accuracy after query 65: 0.9800
test Accuracy after query 65: 0.8830
Val Accuracy after query 70: 0.9800
test Accuracy after query 70: 0.8868
Val Accuracy after query 75: 0.9900
test Accuracy after query 75: 0.8898
Val Accuracy after query 80: 0.9700
test Accuracy after query 80: 0.9088
Val Accuracy after query 85: 1.0000
test Accuracy after query 85: 0.8980
Val Accuracy after query 90: 1.0000
test Accuracy after query 90: 0.9110
Val Accuracy after query 95: 1.0000
test Accuracy after query 95: 0.9166
Val Accuracy after query 100: 1.0000
test Accuracy after query 100: 0.9250
Val Accuracy after query 105: 1.0000
test Accuracy after query 105: 0.9298
Val Accuracy after query 110: 1.0000
test Accuracy after query 110: 0.9226
Val Accuracy after query 115: 1.0000
test Accuracy after query 115: 0.9262
Val Accuracy after query 120: 1.0000
test Accuracy after query 120: 0.9216
Val Accuracy after query 125: 1.0000
test Accuracy after query 125: 0.9274
Val Accuracy after query 130: 1.0000
test Accuracy after query 130: 0.9292
Val Accuracy after query 135: 1.0000
test Accuracy after query 135: 0.9292
Val Accuracy after query 140: 1.0000
test Accuracy after query 140: 0.9234
Val Accuracy after query 145: 1.0000
test Accuracy after query 145: 0.9234
Val Accuracy after query 150: 1.0000
test Accuracy after query 150: 0.9170
********** Test Accuracy per experiment: 0.917 **********
********** Experiment 2 (max_entropy-MC_dropout=True): 0:26:47 **********
********** Experiment Iterations: 3/3 **********
X_init.shape:  (48, 1, 28, 28)
y_init.shape:  (48,)
Val Accuracy after query 5: 0.3700
test Accuracy after query 5: 0.4182
Val Accuracy after query 10: 0.4100
test Accuracy after query 10: 0.4270
Val Accuracy after query 15: 0.4900
test Accuracy after query 15: 0.5348
Val Accuracy after query 20: 0.5900
test Accuracy after query 20: 0.5996
Val Accuracy after query 25: 0.6300
test Accuracy after query 25: 0.6326
Val Accuracy after query 30: 0.7000
test Accuracy after query 30: 0.6716
Val Accuracy after query 35: 0.7700
test Accuracy after query 35: 0.7090
Val Accuracy after query 40: 0.8000
test Accuracy after query 40: 0.7594
Val Accuracy after query 45: 0.8600
test Accuracy after query 45: 0.8016
Val Accuracy after query 50: 0.8900
test Accuracy after query 50: 0.8274
Val Accuracy after query 55: 0.9300
test Accuracy after query 55: 0.8480
Val Accuracy after query 60: 0.9300
test Accuracy after query 60: 0.8560
Val Accuracy after query 65: 0.9600
test Accuracy after query 65: 0.8788
Val Accuracy after query 70: 0.9700
test Accuracy after query 70: 0.8830
Val Accuracy after query 75: 0.9800
test Accuracy after query 75: 0.8982
Val Accuracy after query 80: 1.0000
test Accuracy after query 80: 0.9028
Val Accuracy after query 85: 1.0000
test Accuracy after query 85: 0.9214
Val Accuracy after query 90: 1.0000
test Accuracy after query 90: 0.9216
Val Accuracy after query 95: 1.0000
test Accuracy after query 95: 0.9266
Val Accuracy after query 100: 1.0000
test Accuracy after query 100: 0.9230
Val Accuracy after query 105: 1.0000
test Accuracy after query 105: 0.9238
Val Accuracy after query 110: 1.0000
test Accuracy after query 110: 0.9390
Val Accuracy after query 115: 1.0000
test Accuracy after query 115: 0.9284
Val Accuracy after query 120: 1.0000
test Accuracy after query 120: 0.9364
Val Accuracy after query 125: 1.0000
test Accuracy after query 125: 0.9364
Val Accuracy after query 130: 1.0000
test Accuracy after query 130: 0.9408
Val Accuracy after query 135: 1.0000
test Accuracy after query 135: 0.9420
Val Accuracy after query 140: 1.0000
test Accuracy after query 140: 0.9360
Val Accuracy after query 145: 1.0000
test Accuracy after query 145: 0.9368
Val Accuracy after query 150: 1.0000
test Accuracy after query 150: 0.9338
********** Test Accuracy per experiment: 0.9338 **********
********** Experiment 3 (max_entropy-MC_dropout=True): 0:26:45 **********
Average Test score for max_entropy-MC_dropout=True: 0.9288
Saved: result_npy/max_entropy-MC_dropout=Trueunwei_ASL_MNIST.npy

---------- Start bald-MC_dropout=True training! ----------
********** Experiment Iterations: 1/3 **********
X_init.shape:  (48, 1, 28, 28)
y_init.shape:  (48,)
Val Accuracy after query 5: 0.4100
test Accuracy after query 5: 0.3466
Val Accuracy after query 10: 0.5000
test Accuracy after query 10: 0.4732
Val Accuracy after query 15: 0.5900
test Accuracy after query 15: 0.4968
Val Accuracy after query 20: 0.5900
test Accuracy after query 20: 0.5412
Val Accuracy after query 25: 0.6800
test Accuracy after query 25: 0.6726
Val Accuracy after query 30: 0.7000
test Accuracy after query 30: 0.6956
Val Accuracy after query 35: 0.7100
test Accuracy after query 35: 0.7212
Val Accuracy after query 40: 0.7800
test Accuracy after query 40: 0.7644
Val Accuracy after query 45: 0.8400
test Accuracy after query 45: 0.8100
Val Accuracy after query 50: 0.8700
test Accuracy after query 50: 0.8412
Val Accuracy after query 55: 0.9400
test Accuracy after query 55: 0.8514
Val Accuracy after query 60: 0.9600
test Accuracy after query 60: 0.8402
Val Accuracy after query 65: 0.9800
test Accuracy after query 65: 0.8854
Val Accuracy after query 70: 1.0000
test Accuracy after query 70: 0.9002
Val Accuracy after query 75: 0.9900
test Accuracy after query 75: 0.9146
Val Accuracy after query 80: 1.0000
test Accuracy after query 80: 0.9322
Val Accuracy after query 85: 1.0000
test Accuracy after query 85: 0.9240
Val Accuracy after query 90: 1.0000
test Accuracy after query 90: 0.9216
Val Accuracy after query 95: 1.0000
test Accuracy after query 95: 0.9294
Val Accuracy after query 100: 1.0000
test Accuracy after query 100: 0.9310
Val Accuracy after query 105: 1.0000
test Accuracy after query 105: 0.9310
Val Accuracy after query 110: 1.0000
test Accuracy after query 110: 0.9278
Val Accuracy after query 115: 1.0000
test Accuracy after query 115: 0.9294
Val Accuracy after query 120: 1.0000
test Accuracy after query 120: 0.9394
Val Accuracy after query 125: 1.0000
test Accuracy after query 125: 0.9440
Val Accuracy after query 130: 1.0000
test Accuracy after query 130: 0.9406
Val Accuracy after query 135: 1.0000
test Accuracy after query 135: 0.9488
Val Accuracy after query 140: 1.0000
test Accuracy after query 140: 0.9388
Val Accuracy after query 145: 1.0000
test Accuracy after query 145: 0.9472
Val Accuracy after query 150: 1.0000
test Accuracy after query 150: 0.9492
********** Test Accuracy per experiment: 0.9492 **********
********** Experiment 1 (bald-MC_dropout=True): 0:27:5 **********
********** Experiment Iterations: 2/3 **********
X_init.shape:  (48, 1, 28, 28)
y_init.shape:  (48,)
Val Accuracy after query 5: 0.4200
test Accuracy after query 5: 0.3732
Val Accuracy after query 10: 0.5500
test Accuracy after query 10: 0.4446
Val Accuracy after query 15: 0.6300
test Accuracy after query 15: 0.5220
Val Accuracy after query 20: 0.6900
test Accuracy after query 20: 0.6028
Val Accuracy after query 25: 0.7300
test Accuracy after query 25: 0.6282
Val Accuracy after query 30: 0.7400
test Accuracy after query 30: 0.6256
Val Accuracy after query 35: 0.7400
test Accuracy after query 35: 0.6908
Val Accuracy after query 40: 0.7800
test Accuracy after query 40: 0.7420
Val Accuracy after query 45: 0.8100
test Accuracy after query 45: 0.7556
Val Accuracy after query 50: 0.8500
test Accuracy after query 50: 0.8354
Val Accuracy after query 55: 0.9300
test Accuracy after query 55: 0.8640
Val Accuracy after query 60: 0.9600
test Accuracy after query 60: 0.8874
Val Accuracy after query 65: 0.9800
test Accuracy after query 65: 0.9034
Val Accuracy after query 70: 1.0000
test Accuracy after query 70: 0.9012
Val Accuracy after query 75: 0.9900
test Accuracy after query 75: 0.8970
Val Accuracy after query 80: 0.9900
test Accuracy after query 80: 0.9214
Val Accuracy after query 85: 1.0000
test Accuracy after query 85: 0.9268
Val Accuracy after query 90: 1.0000
test Accuracy after query 90: 0.9246
Val Accuracy after query 95: 1.0000
test Accuracy after query 95: 0.9256
Val Accuracy after query 100: 1.0000
test Accuracy after query 100: 0.9108
Val Accuracy after query 105: 1.0000
test Accuracy after query 105: 0.9266
Val Accuracy after query 110: 1.0000
test Accuracy after query 110: 0.9340
Val Accuracy after query 115: 1.0000
test Accuracy after query 115: 0.9310
Val Accuracy after query 120: 1.0000
test Accuracy after query 120: 0.9368
Val Accuracy after query 125: 1.0000
test Accuracy after query 125: 0.9338
Val Accuracy after query 130: 1.0000
test Accuracy after query 130: 0.9360
Val Accuracy after query 135: 1.0000
test Accuracy after query 135: 0.9378
Val Accuracy after query 140: 1.0000
test Accuracy after query 140: 0.9384
Val Accuracy after query 145: 1.0000
test Accuracy after query 145: 0.9432
Val Accuracy after query 150: 1.0000
test Accuracy after query 150: 0.9450
********** Test Accuracy per experiment: 0.945 **********
********** Experiment 2 (bald-MC_dropout=True): 0:27:5 **********
********** Experiment Iterations: 3/3 **********
X_init.shape:  (48, 1, 28, 28)
y_init.shape:  (48,)
Val Accuracy after query 5: 0.3200
test Accuracy after query 5: 0.3794
Val Accuracy after query 10: 0.4600
test Accuracy after query 10: 0.3874
Val Accuracy after query 15: 0.5200
test Accuracy after query 15: 0.5112
Val Accuracy after query 20: 0.5500
test Accuracy after query 20: 0.5108
Val Accuracy after query 25: 0.6000
test Accuracy after query 25: 0.5840
Val Accuracy after query 30: 0.6800
test Accuracy after query 30: 0.6308
Val Accuracy after query 35: 0.7800
test Accuracy after query 35: 0.6764
Val Accuracy after query 40: 0.8200
test Accuracy after query 40: 0.7244
Val Accuracy after query 45: 0.8300
test Accuracy after query 45: 0.7620
Val Accuracy after query 50: 0.8700
test Accuracy after query 50: 0.8052
Val Accuracy after query 55: 0.8900
test Accuracy after query 55: 0.8520
Val Accuracy after query 60: 0.9500
test Accuracy after query 60: 0.8586
Val Accuracy after query 65: 0.9600
test Accuracy after query 65: 0.8734
Val Accuracy after query 70: 0.9700
test Accuracy after query 70: 0.8826
Val Accuracy after query 75: 0.9800
test Accuracy after query 75: 0.8900
Val Accuracy after query 80: 1.0000
test Accuracy after query 80: 0.9068
Val Accuracy after query 85: 1.0000
test Accuracy after query 85: 0.9146
Val Accuracy after query 90: 1.0000
test Accuracy after query 90: 0.9158
Val Accuracy after query 95: 1.0000
test Accuracy after query 95: 0.9258
Val Accuracy after query 100: 1.0000
test Accuracy after query 100: 0.9182
Val Accuracy after query 105: 1.0000
test Accuracy after query 105: 0.9128
Val Accuracy after query 110: 1.0000
test Accuracy after query 110: 0.9210
Val Accuracy after query 115: 1.0000
test Accuracy after query 115: 0.9392
Val Accuracy after query 120: 1.0000
test Accuracy after query 120: 0.9312
Val Accuracy after query 125: 1.0000
test Accuracy after query 125: 0.9320
Val Accuracy after query 130: 1.0000
test Accuracy after query 130: 0.9314
Val Accuracy after query 135: 1.0000
test Accuracy after query 135: 0.9286
Val Accuracy after query 140: 1.0000
test Accuracy after query 140: 0.9398
Val Accuracy after query 145: 1.0000
test Accuracy after query 145: 0.9384
Val Accuracy after query 150: 1.0000
test Accuracy after query 150: 0.9368
********** Test Accuracy per experiment: 0.9368 **********
********** Experiment 3 (bald-MC_dropout=True): 0:27:5 **********
Average Test score for bald-MC_dropout=True: 0.9436666666666667
Saved: result_npy/bald-MC_dropout=Trueunwei_ASL_MNIST.npy

---------- Start var_ratios-MC_dropout=True training! ----------
********** Experiment Iterations: 1/3 **********
X_init.shape:  (48, 1, 28, 28)
y_init.shape:  (48,)
Val Accuracy after query 5: 0.3800
test Accuracy after query 5: 0.4480
Val Accuracy after query 10: 0.5100
test Accuracy after query 10: 0.4846
Val Accuracy after query 15: 0.5600
test Accuracy after query 15: 0.5670
Val Accuracy after query 20: 0.6400
test Accuracy after query 20: 0.6334
Val Accuracy after query 25: 0.7100
test Accuracy after query 25: 0.6838
Val Accuracy after query 30: 0.7600
test Accuracy after query 30: 0.7056
Val Accuracy after query 35: 0.8500
test Accuracy after query 35: 0.7396
Val Accuracy after query 40: 0.8400
test Accuracy after query 40: 0.7884
Val Accuracy after query 45: 0.8800
test Accuracy after query 45: 0.7956
Val Accuracy after query 50: 0.9100
test Accuracy after query 50: 0.8058
Val Accuracy after query 55: 0.9400
test Accuracy after query 55: 0.8554
Val Accuracy after query 60: 0.9600
test Accuracy after query 60: 0.8758
Val Accuracy after query 65: 0.9800
test Accuracy after query 65: 0.8964
Val Accuracy after query 70: 1.0000
test Accuracy after query 70: 0.9118
Val Accuracy after query 75: 1.0000
test Accuracy after query 75: 0.9284
Val Accuracy after query 80: 1.0000
test Accuracy after query 80: 0.9232
Val Accuracy after query 85: 1.0000
test Accuracy after query 85: 0.9280
Val Accuracy after query 90: 1.0000
test Accuracy after query 90: 0.9334
Val Accuracy after query 95: 1.0000
test Accuracy after query 95: 0.9354
Val Accuracy after query 100: 1.0000
test Accuracy after query 100: 0.9346
Val Accuracy after query 105: 1.0000
test Accuracy after query 105: 0.9202
Val Accuracy after query 110: 1.0000
test Accuracy after query 110: 0.9400
Val Accuracy after query 115: 1.0000
test Accuracy after query 115: 0.9316
Val Accuracy after query 120: 1.0000
test Accuracy after query 120: 0.9304
Val Accuracy after query 125: 1.0000
test Accuracy after query 125: 0.9464
Val Accuracy after query 130: 1.0000
test Accuracy after query 130: 0.9366
Val Accuracy after query 135: 1.0000
test Accuracy after query 135: 0.9364
Val Accuracy after query 140: 1.0000
test Accuracy after query 140: 0.9334
Val Accuracy after query 145: 1.0000
test Accuracy after query 145: 0.9398
Val Accuracy after query 150: 1.0000
test Accuracy after query 150: 0.9332
********** Test Accuracy per experiment: 0.9332 **********
********** Experiment 1 (var_ratios-MC_dropout=True): 0:27:5 **********
********** Experiment Iterations: 2/3 **********
X_init.shape:  (48, 1, 28, 28)
y_init.shape:  (48,)
Val Accuracy after query 5: 0.4100
test Accuracy after query 5: 0.4268
Val Accuracy after query 10: 0.5500
test Accuracy after query 10: 0.4510
Val Accuracy after query 15: 0.5800
test Accuracy after query 15: 0.5370
Val Accuracy after query 20: 0.6500
test Accuracy after query 20: 0.5908
Val Accuracy after query 25: 0.7500
test Accuracy after query 25: 0.6532
Val Accuracy after query 30: 0.8200
test Accuracy after query 30: 0.6792
Val Accuracy after query 35: 0.8700
test Accuracy after query 35: 0.7782
Val Accuracy after query 40: 0.8800
test Accuracy after query 40: 0.7890
Val Accuracy after query 45: 0.9100
test Accuracy after query 45: 0.8216
Val Accuracy after query 50: 0.9200
test Accuracy after query 50: 0.8322
Val Accuracy after query 55: 0.9400
test Accuracy after query 55: 0.8486
Val Accuracy after query 60: 0.9500
test Accuracy after query 60: 0.8566
Val Accuracy after query 65: 0.9600
test Accuracy after query 65: 0.8906
Val Accuracy after query 70: 0.9900
test Accuracy after query 70: 0.9066
Val Accuracy after query 75: 1.0000
test Accuracy after query 75: 0.9054
Val Accuracy after query 80: 1.0000
test Accuracy after query 80: 0.9150
Val Accuracy after query 85: 1.0000
test Accuracy after query 85: 0.9280
Val Accuracy after query 90: 1.0000
test Accuracy after query 90: 0.9198
Val Accuracy after query 95: 1.0000
test Accuracy after query 95: 0.9076
Val Accuracy after query 100: 1.0000
test Accuracy after query 100: 0.9188
Val Accuracy after query 105: 1.0000
test Accuracy after query 105: 0.9258
Val Accuracy after query 110: 1.0000
test Accuracy after query 110: 0.9186
Val Accuracy after query 115: 1.0000
test Accuracy after query 115: 0.9302
Val Accuracy after query 120: 1.0000
test Accuracy after query 120: 0.9254
Val Accuracy after query 125: 1.0000
test Accuracy after query 125: 0.9350
Val Accuracy after query 130: 1.0000
test Accuracy after query 130: 0.9342
Val Accuracy after query 135: 1.0000
test Accuracy after query 135: 0.9286
Val Accuracy after query 140: 1.0000
test Accuracy after query 140: 0.9350
Val Accuracy after query 145: 1.0000
test Accuracy after query 145: 0.9326
Val Accuracy after query 150: 1.0000
test Accuracy after query 150: 0.9334
********** Test Accuracy per experiment: 0.9334 **********
********** Experiment 2 (var_ratios-MC_dropout=True): 0:27:6 **********
********** Experiment Iterations: 3/3 **********
X_init.shape:  (48, 1, 28, 28)
y_init.shape:  (48,)
Val Accuracy after query 5: 0.4100
test Accuracy after query 5: 0.3558
Val Accuracy after query 10: 0.4900
test Accuracy after query 10: 0.4522
Val Accuracy after query 15: 0.6400
test Accuracy after query 15: 0.5108
Val Accuracy after query 20: 0.7000
test Accuracy after query 20: 0.5730
Val Accuracy after query 25: 0.7400
test Accuracy after query 25: 0.6420
Val Accuracy after query 30: 0.8500
test Accuracy after query 30: 0.6902
Val Accuracy after query 35: 0.8700
test Accuracy after query 35: 0.7262
Val Accuracy after query 40: 0.9000
test Accuracy after query 40: 0.7596
Val Accuracy after query 45: 0.9200
test Accuracy after query 45: 0.7726
Val Accuracy after query 50: 0.9300
test Accuracy after query 50: 0.8432
Val Accuracy after query 55: 0.9600
test Accuracy after query 55: 0.8338
Val Accuracy after query 60: 0.9700
test Accuracy after query 60: 0.8464
Val Accuracy after query 65: 0.9900
test Accuracy after query 65: 0.8724
Val Accuracy after query 70: 0.9900
test Accuracy after query 70: 0.8810
Val Accuracy after query 75: 0.9900
test Accuracy after query 75: 0.8908
Val Accuracy after query 80: 1.0000
test Accuracy after query 80: 0.9224
Val Accuracy after query 85: 1.0000
test Accuracy after query 85: 0.9188
Val Accuracy after query 90: 1.0000
test Accuracy after query 90: 0.9186
Val Accuracy after query 95: 1.0000
test Accuracy after query 95: 0.9008
Val Accuracy after query 100: 1.0000
test Accuracy after query 100: 0.9102
Val Accuracy after query 105: 1.0000
test Accuracy after query 105: 0.9232
Val Accuracy after query 110: 1.0000
test Accuracy after query 110: 0.9248
Val Accuracy after query 115: 1.0000
test Accuracy after query 115: 0.9196
Val Accuracy after query 120: 1.0000
test Accuracy after query 120: 0.9278
Val Accuracy after query 125: 1.0000
test Accuracy after query 125: 0.9272
Val Accuracy after query 130: 1.0000
test Accuracy after query 130: 0.9282
Val Accuracy after query 135: 1.0000
test Accuracy after query 135: 0.9284
Val Accuracy after query 140: 1.0000
test Accuracy after query 140: 0.9360
Val Accuracy after query 145: 1.0000
test Accuracy after query 145: 0.9404
Val Accuracy after query 150: 1.0000
test Accuracy after query 150: 0.9296
********** Test Accuracy per experiment: 0.9296 **********
********** Experiment 3 (var_ratios-MC_dropout=True): 0:27:2 **********
Average Test score for var_ratios-MC_dropout=True: 0.9320666666666666
Saved: result_npy/var_ratios-MC_dropout=Trueunwei_ASL_MNIST.npy

---------- Start mean_std-MC_dropout=True training! ----------
********** Experiment Iterations: 1/3 **********
X_init.shape:  (48, 1, 28, 28)
y_init.shape:  (48,)
Val Accuracy after query 5: 0.4300
test Accuracy after query 5: 0.3342
Val Accuracy after query 10: 0.4900
test Accuracy after query 10: 0.4430
Val Accuracy after query 15: 0.5500
test Accuracy after query 15: 0.5442
Val Accuracy after query 20: 0.6200
test Accuracy after query 20: 0.5930
Val Accuracy after query 25: 0.6800
test Accuracy after query 25: 0.6186
Val Accuracy after query 30: 0.7300
test Accuracy after query 30: 0.6996
Val Accuracy after query 35: 0.8600
test Accuracy after query 35: 0.6968
Val Accuracy after query 40: 0.8600
test Accuracy after query 40: 0.7378
Val Accuracy after query 45: 0.9000
test Accuracy after query 45: 0.7610
Val Accuracy after query 50: 0.9100
test Accuracy after query 50: 0.7624
Val Accuracy after query 55: 0.9000
test Accuracy after query 55: 0.8150
Val Accuracy after query 60: 0.9400
test Accuracy after query 60: 0.8186
Val Accuracy after query 65: 0.9700
test Accuracy after query 65: 0.8426
Val Accuracy after query 70: 0.9900
test Accuracy after query 70: 0.8734
Val Accuracy after query 75: 0.9900
test Accuracy after query 75: 0.8912
Val Accuracy after query 80: 1.0000
test Accuracy after query 80: 0.8922
Val Accuracy after query 85: 1.0000
test Accuracy after query 85: 0.8792
Val Accuracy after query 90: 1.0000
test Accuracy after query 90: 0.9038
Val Accuracy after query 95: 1.0000
test Accuracy after query 95: 0.9094
Val Accuracy after query 100: 1.0000
test Accuracy after query 100: 0.9254
Val Accuracy after query 105: 1.0000
test Accuracy after query 105: 0.9120
Val Accuracy after query 110: 1.0000
test Accuracy after query 110: 0.9194
Val Accuracy after query 115: 1.0000
test Accuracy after query 115: 0.9250
Val Accuracy after query 120: 1.0000
test Accuracy after query 120: 0.9252
Val Accuracy after query 125: 1.0000
test Accuracy after query 125: 0.9230
Val Accuracy after query 130: 1.0000
test Accuracy after query 130: 0.9340
Val Accuracy after query 135: 1.0000
test Accuracy after query 135: 0.9174
Val Accuracy after query 140: 1.0000
test Accuracy after query 140: 0.9180
Val Accuracy after query 145: 1.0000
test Accuracy after query 145: 0.9296
Val Accuracy after query 150: 1.0000
test Accuracy after query 150: 0.9178
********** Test Accuracy per experiment: 0.9178 **********
********** Experiment 1 (mean_std-MC_dropout=True): 0:26:49 **********
********** Experiment Iterations: 2/3 **********
X_init.shape:  (48, 1, 28, 28)
y_init.shape:  (48,)
Val Accuracy after query 5: 0.3400
test Accuracy after query 5: 0.3376
Val Accuracy after query 10: 0.4500
test Accuracy after query 10: 0.4374
Val Accuracy after query 15: 0.5500
test Accuracy after query 15: 0.5258
Val Accuracy after query 20: 0.6800
test Accuracy after query 20: 0.5900
Val Accuracy after query 25: 0.7500
test Accuracy after query 25: 0.6570
Val Accuracy after query 30: 0.8000
test Accuracy after query 30: 0.6656
Val Accuracy after query 35: 0.8200
test Accuracy after query 35: 0.7060
Val Accuracy after query 40: 0.8600
test Accuracy after query 40: 0.7454
Val Accuracy after query 45: 0.8700
test Accuracy after query 45: 0.7926
Val Accuracy after query 50: 0.8900
test Accuracy after query 50: 0.7904
Val Accuracy after query 55: 0.9200
test Accuracy after query 55: 0.8168
Val Accuracy after query 60: 0.9200
test Accuracy after query 60: 0.8262
Val Accuracy after query 65: 0.9500
test Accuracy after query 65: 0.8528
Val Accuracy after query 70: 0.9400
test Accuracy after query 70: 0.8826
Val Accuracy after query 75: 0.9600
test Accuracy after query 75: 0.8950
Val Accuracy after query 80: 1.0000
test Accuracy after query 80: 0.8972
Val Accuracy after query 85: 0.9900
test Accuracy after query 85: 0.8952
Val Accuracy after query 90: 1.0000
test Accuracy after query 90: 0.9108
Val Accuracy after query 95: 1.0000
test Accuracy after query 95: 0.9122
Val Accuracy after query 100: 1.0000
test Accuracy after query 100: 0.9130
Val Accuracy after query 105: 1.0000
test Accuracy after query 105: 0.9250
Val Accuracy after query 110: 1.0000
test Accuracy after query 110: 0.9330
Val Accuracy after query 115: 1.0000
test Accuracy after query 115: 0.9318
Val Accuracy after query 120: 1.0000
test Accuracy after query 120: 0.9206
Val Accuracy after query 125: 1.0000
test Accuracy after query 125: 0.9306
Val Accuracy after query 130: 1.0000
test Accuracy after query 130: 0.9342
Val Accuracy after query 135: 1.0000
test Accuracy after query 135: 0.9310
Val Accuracy after query 140: 1.0000
test Accuracy after query 140: 0.9382
Val Accuracy after query 145: 1.0000
test Accuracy after query 145: 0.9294
Val Accuracy after query 150: 1.0000
test Accuracy after query 150: 0.9380
********** Test Accuracy per experiment: 0.938 **********
********** Experiment 2 (mean_std-MC_dropout=True): 0:26:49 **********
********** Experiment Iterations: 3/3 **********
X_init.shape:  (48, 1, 28, 28)
y_init.shape:  (48,)
Val Accuracy after query 5: 0.3900
test Accuracy after query 5: 0.3394
Val Accuracy after query 10: 0.4900
test Accuracy after query 10: 0.4310
Val Accuracy after query 15: 0.5800
test Accuracy after query 15: 0.4902
Val Accuracy after query 20: 0.6500
test Accuracy after query 20: 0.5508
Val Accuracy after query 25: 0.7000
test Accuracy after query 25: 0.6020
Val Accuracy after query 30: 0.7600
test Accuracy after query 30: 0.6778
Val Accuracy after query 35: 0.8000
test Accuracy after query 35: 0.7012
Val Accuracy after query 40: 0.8800
test Accuracy after query 40: 0.7668
Val Accuracy after query 45: 0.8500
test Accuracy after query 45: 0.7932
Val Accuracy after query 50: 0.8800
test Accuracy after query 50: 0.8334
Val Accuracy after query 55: 0.9200
test Accuracy after query 55: 0.8480
Val Accuracy after query 60: 0.9600
test Accuracy after query 60: 0.8438
Val Accuracy after query 65: 0.9700
test Accuracy after query 65: 0.8830
Val Accuracy after query 70: 0.9700
test Accuracy after query 70: 0.8972
Val Accuracy after query 75: 1.0000
test Accuracy after query 75: 0.9114
Val Accuracy after query 80: 0.9900
test Accuracy after query 80: 0.9200
Val Accuracy after query 85: 1.0000
test Accuracy after query 85: 0.9066
Val Accuracy after query 90: 1.0000
test Accuracy after query 90: 0.9204
Val Accuracy after query 95: 1.0000
test Accuracy after query 95: 0.9156
Val Accuracy after query 100: 1.0000
test Accuracy after query 100: 0.9196
Val Accuracy after query 105: 1.0000
test Accuracy after query 105: 0.9232
Val Accuracy after query 110: 1.0000
test Accuracy after query 110: 0.9208
Val Accuracy after query 115: 1.0000
test Accuracy after query 115: 0.9258
Val Accuracy after query 120: 1.0000
test Accuracy after query 120: 0.9176
Val Accuracy after query 125: 1.0000
test Accuracy after query 125: 0.9260
Val Accuracy after query 130: 1.0000
test Accuracy after query 130: 0.9252
Val Accuracy after query 135: 1.0000
test Accuracy after query 135: 0.9330
Val Accuracy after query 140: 1.0000
test Accuracy after query 140: 0.9280
Val Accuracy after query 145: 1.0000
test Accuracy after query 145: 0.9302
Val Accuracy after query 150: 1.0000
test Accuracy after query 150: 0.9284
********** Test Accuracy per experiment: 0.9284 **********
********** Experiment 3 (mean_std-MC_dropout=True): 0:26:47 **********
Average Test score for mean_std-MC_dropout=True: 0.9280666666666666
Saved: result_npy/mean_std-MC_dropout=Trueunwei_ASL_MNIST.npy
--------------- Done Training! ---------------
/home/wangsh/DBALwithImgData-main/main.py:60: UserWarning: Matplotlib is currently using agg, which is a non-GUI backend, so cannot show the figure.
  plt.show()
