/home/wangsh/DBALwithImgData-main/main.py:10: DeprecationWarning: Please use `gaussian_filter1d` from the `scipy.ndimage` namespace, the `scipy.ndimage.filters` namespace is deprecated.
  from scipy.ndimage.filters import gaussian_filter1d
Using device: cuda:0
state_loop:  [True]

---------- Start uniform-MC_dropout=True training! ----------
args.dataset is:  ASL_GSL_MNIST_imbal
label_num is:  25
********** Experiment Iterations: 1/3 **********
X_init.shape:  (48, 1, 28, 28)
y_init.shape:  (48,)
Val Accuracy after query 5: 0.2700
test Accuracy after query 5: 0.0728
Val Accuracy after query 10: 0.2900
test Accuracy after query 10: 0.0878
Val Accuracy after query 15: 0.3900
test Accuracy after query 15: 0.1000
Val Accuracy after query 20: 0.4300
test Accuracy after query 20: 0.1020
Val Accuracy after query 25: 0.4200
test Accuracy after query 25: 0.1297
Val Accuracy after query 30: 0.4900
test Accuracy after query 30: 0.1552
Val Accuracy after query 35: 0.4500
test Accuracy after query 35: 0.1577
Val Accuracy after query 40: 0.5300
test Accuracy after query 40: 0.1623
Val Accuracy after query 45: 0.5900
test Accuracy after query 45: 0.1878
Val Accuracy after query 50: 0.5800
test Accuracy after query 50: 0.2045
Val Accuracy after query 55: 0.5500
test Accuracy after query 55: 0.2003
Val Accuracy after query 60: 0.6600
test Accuracy after query 60: 0.2250
Val Accuracy after query 65: 0.6400
test Accuracy after query 65: 0.2388
Val Accuracy after query 70: 0.6400
test Accuracy after query 70: 0.2447
Val Accuracy after query 75: 0.6200
test Accuracy after query 75: 0.2568
Val Accuracy after query 80: 0.6700
test Accuracy after query 80: 0.2560
Val Accuracy after query 85: 0.6700
test Accuracy after query 85: 0.2639
Val Accuracy after query 90: 0.7100
test Accuracy after query 90: 0.2794
Val Accuracy after query 95: 0.6900
test Accuracy after query 95: 0.2932
Val Accuracy after query 100: 0.7400
test Accuracy after query 100: 0.2857
Val Accuracy after query 105: 0.7000
test Accuracy after query 105: 0.2936
Val Accuracy after query 110: 0.7100
test Accuracy after query 110: 0.2995
Val Accuracy after query 115: 0.7400
test Accuracy after query 115: 0.3195
Val Accuracy after query 120: 0.7800
test Accuracy after query 120: 0.3199
Val Accuracy after query 125: 0.7600
test Accuracy after query 125: 0.3187
Val Accuracy after query 130: 0.7700
test Accuracy after query 130: 0.3254
Val Accuracy after query 135: 0.7600
test Accuracy after query 135: 0.3329
Val Accuracy after query 140: 0.7600
test Accuracy after query 140: 0.3434
Val Accuracy after query 145: 0.7800
test Accuracy after query 145: 0.3542
Val Accuracy after query 150: 0.7800
test Accuracy after query 150: 0.3605
Val Accuracy after query 155: 0.8200
test Accuracy after query 155: 0.3752
Val Accuracy after query 160: 0.8100
test Accuracy after query 160: 0.3873
Val Accuracy after query 165: 0.8100
test Accuracy after query 165: 0.3864
Val Accuracy after query 170: 0.7800
test Accuracy after query 170: 0.3772
Val Accuracy after query 175: 0.8200
test Accuracy after query 175: 0.3994
Val Accuracy after query 180: 0.7900
test Accuracy after query 180: 0.4120
Val Accuracy after query 185: 0.8100
test Accuracy after query 185: 0.4049
Val Accuracy after query 190: 0.8100
test Accuracy after query 190: 0.3948
Val Accuracy after query 195: 0.8500
test Accuracy after query 195: 0.4237
Val Accuracy after query 200: 0.8000
test Accuracy after query 200: 0.4015
Val Accuracy after query 205: 0.8200
test Accuracy after query 205: 0.4128
Val Accuracy after query 210: 0.8500
test Accuracy after query 210: 0.4341
Val Accuracy after query 215: 0.8300
test Accuracy after query 215: 0.4237
Val Accuracy after query 220: 0.8600
test Accuracy after query 220: 0.4463
Val Accuracy after query 225: 0.8700
test Accuracy after query 225: 0.4517
Val Accuracy after query 230: 0.8700
test Accuracy after query 230: 0.4483
Val Accuracy after query 235: 0.8300
test Accuracy after query 235: 0.4383
Val Accuracy after query 240: 0.8700
test Accuracy after query 240: 0.4496
Val Accuracy after query 245: 0.8600
test Accuracy after query 245: 0.4626
Val Accuracy after query 250: 0.9000
test Accuracy after query 250: 0.4596
Val Accuracy after query 255: 0.8600
test Accuracy after query 255: 0.4609
Val Accuracy after query 260: 0.8400
test Accuracy after query 260: 0.4630
Val Accuracy after query 265: 0.8800
test Accuracy after query 265: 0.4688
Val Accuracy after query 270: 0.8400
test Accuracy after query 270: 0.4734
Val Accuracy after query 275: 0.8400
test Accuracy after query 275: 0.4814
Val Accuracy after query 280: 0.8900
test Accuracy after query 280: 0.4726
Val Accuracy after query 285: 0.9600
test Accuracy after query 285: 0.4902
Val Accuracy after query 290: 0.9500
test Accuracy after query 290: 0.4948
Val Accuracy after query 295: 0.9100
test Accuracy after query 295: 0.4881
Val Accuracy after query 300: 0.9400
test Accuracy after query 300: 0.4889
********** Test Accuracy per experiment: 0.4889167712254287 **********
********** Experiment 1 (uniform-MC_dropout=True): 0:20:27 **********
args.dataset is:  ASL_GSL_MNIST_imbal
label_num is:  25
********** Experiment Iterations: 2/3 **********
X_init.shape:  (48, 1, 28, 28)
y_init.shape:  (48,)
Val Accuracy after query 5: 0.2900
test Accuracy after query 5: 0.0782
Val Accuracy after query 10: 0.4100
test Accuracy after query 10: 0.1012
Val Accuracy after query 15: 0.4500
test Accuracy after query 15: 0.1213
Val Accuracy after query 20: 0.4400
test Accuracy after query 20: 0.1426
Val Accuracy after query 25: 0.5400
test Accuracy after query 25: 0.1627
Val Accuracy after query 30: 0.5500
test Accuracy after query 30: 0.1711
Val Accuracy after query 35: 0.5500
test Accuracy after query 35: 0.1731
Val Accuracy after query 40: 0.5700
test Accuracy after query 40: 0.1899
Val Accuracy after query 45: 0.6400
test Accuracy after query 45: 0.2104
Val Accuracy after query 50: 0.6600
test Accuracy after query 50: 0.2192
Val Accuracy after query 55: 0.7100
test Accuracy after query 55: 0.2376
Val Accuracy after query 60: 0.7100
test Accuracy after query 60: 0.2522
Val Accuracy after query 65: 0.7100
test Accuracy after query 65: 0.2706
Val Accuracy after query 70: 0.6900
test Accuracy after query 70: 0.2739
Val Accuracy after query 75: 0.7100
test Accuracy after query 75: 0.2811
Val Accuracy after query 80: 0.6700
test Accuracy after query 80: 0.2811
Val Accuracy after query 85: 0.7000
test Accuracy after query 85: 0.3003
Val Accuracy after query 90: 0.7100
test Accuracy after query 90: 0.3162
Val Accuracy after query 95: 0.7300
test Accuracy after query 95: 0.3283
Val Accuracy after query 100: 0.7400
test Accuracy after query 100: 0.3317
Val Accuracy after query 105: 0.7700
test Accuracy after query 105: 0.3413
Val Accuracy after query 110: 0.7600
test Accuracy after query 110: 0.3480
Val Accuracy after query 115: 0.7600
test Accuracy after query 115: 0.3450
Val Accuracy after query 120: 0.7700
test Accuracy after query 120: 0.3501
Val Accuracy after query 125: 0.7500
test Accuracy after query 125: 0.3530
Val Accuracy after query 130: 0.7800
test Accuracy after query 130: 0.3522
Val Accuracy after query 135: 0.7900
test Accuracy after query 135: 0.3718
Val Accuracy after query 140: 0.7700
test Accuracy after query 140: 0.3718
Val Accuracy after query 145: 0.7900
test Accuracy after query 145: 0.3977
Val Accuracy after query 150: 0.7800
test Accuracy after query 150: 0.3731
Val Accuracy after query 155: 0.7900
test Accuracy after query 155: 0.4015
Val Accuracy after query 160: 0.8200
test Accuracy after query 160: 0.4069
Val Accuracy after query 165: 0.8100
test Accuracy after query 165: 0.4074
Val Accuracy after query 170: 0.8400
test Accuracy after query 170: 0.4078
Val Accuracy after query 175: 0.8100
test Accuracy after query 175: 0.4124
Val Accuracy after query 180: 0.8300
test Accuracy after query 180: 0.4095
Val Accuracy after query 185: 0.8500
test Accuracy after query 185: 0.4241
Val Accuracy after query 190: 0.8300
test Accuracy after query 190: 0.4266
Val Accuracy after query 195: 0.8300
test Accuracy after query 195: 0.4375
Val Accuracy after query 200: 0.8500
test Accuracy after query 200: 0.4274
Val Accuracy after query 205: 0.8500
test Accuracy after query 205: 0.4496
Val Accuracy after query 210: 0.8400
test Accuracy after query 210: 0.4492
Val Accuracy after query 215: 0.8400
test Accuracy after query 215: 0.4400
Val Accuracy after query 220: 0.8300
test Accuracy after query 220: 0.4567
Val Accuracy after query 225: 0.8200
test Accuracy after query 225: 0.4375
Val Accuracy after query 230: 0.8400
test Accuracy after query 230: 0.4596
Val Accuracy after query 235: 0.8700
test Accuracy after query 235: 0.4601
Val Accuracy after query 240: 0.8500
test Accuracy after query 240: 0.4555
Val Accuracy after query 245: 0.8800
test Accuracy after query 245: 0.4617
Val Accuracy after query 250: 0.8400
test Accuracy after query 250: 0.4655
Val Accuracy after query 255: 0.8800
test Accuracy after query 255: 0.4755
Val Accuracy after query 260: 0.8300
test Accuracy after query 260: 0.4776
Val Accuracy after query 265: 0.8800
test Accuracy after query 265: 0.4668
Val Accuracy after query 270: 0.8600
test Accuracy after query 270: 0.4868
Val Accuracy after query 275: 0.8800
test Accuracy after query 275: 0.5002
Val Accuracy after query 280: 0.8800
test Accuracy after query 280: 0.4818
Val Accuracy after query 285: 0.8600
test Accuracy after query 285: 0.4898
Val Accuracy after query 290: 0.8800
test Accuracy after query 290: 0.4806
Val Accuracy after query 295: 0.8700
test Accuracy after query 295: 0.4856
Val Accuracy after query 300: 0.8700
test Accuracy after query 300: 0.4939
********** Test Accuracy per experiment: 0.49393559180259305 **********
********** Experiment 2 (uniform-MC_dropout=True): 0:20:22 **********
args.dataset is:  ASL_GSL_MNIST_imbal
label_num is:  25
********** Experiment Iterations: 3/3 **********
X_init.shape:  (48, 1, 28, 28)
y_init.shape:  (48,)
Val Accuracy after query 5: 0.2600
test Accuracy after query 5: 0.0824
Val Accuracy after query 10: 0.3800
test Accuracy after query 10: 0.0995
Val Accuracy after query 15: 0.4700
test Accuracy after query 15: 0.1133
Val Accuracy after query 20: 0.4600
test Accuracy after query 20: 0.1288
Val Accuracy after query 25: 0.4900
test Accuracy after query 25: 0.1368
Val Accuracy after query 30: 0.5000
test Accuracy after query 30: 0.1589
Val Accuracy after query 35: 0.5300
test Accuracy after query 35: 0.1711
Val Accuracy after query 40: 0.5500
test Accuracy after query 40: 0.1874
Val Accuracy after query 45: 0.5400
test Accuracy after query 45: 0.2028
Val Accuracy after query 50: 0.5600
test Accuracy after query 50: 0.2162
Val Accuracy after query 55: 0.5700
test Accuracy after query 55: 0.2288
Val Accuracy after query 60: 0.5800
test Accuracy after query 60: 0.2426
Val Accuracy after query 65: 0.6100
test Accuracy after query 65: 0.2547
Val Accuracy after query 70: 0.6300
test Accuracy after query 70: 0.2576
Val Accuracy after query 75: 0.6400
test Accuracy after query 75: 0.2568
Val Accuracy after query 80: 0.6700
test Accuracy after query 80: 0.2685
Val Accuracy after query 85: 0.6600
test Accuracy after query 85: 0.2907
Val Accuracy after query 90: 0.6900
test Accuracy after query 90: 0.2936
Val Accuracy after query 95: 0.7000
test Accuracy after query 95: 0.3066
Val Accuracy after query 100: 0.7300
test Accuracy after query 100: 0.3024
Val Accuracy after query 105: 0.6900
test Accuracy after query 105: 0.3342
Val Accuracy after query 110: 0.7500
test Accuracy after query 110: 0.3480
Val Accuracy after query 115: 0.7600
test Accuracy after query 115: 0.3384
Val Accuracy after query 120: 0.7500
test Accuracy after query 120: 0.3455
Val Accuracy after query 125: 0.8000
test Accuracy after query 125: 0.3492
Val Accuracy after query 130: 0.7900
test Accuracy after query 130: 0.3501
Val Accuracy after query 135: 0.7700
test Accuracy after query 135: 0.3597
Val Accuracy after query 140: 0.7800
test Accuracy after query 140: 0.3685
Val Accuracy after query 145: 0.7700
test Accuracy after query 145: 0.3835
Val Accuracy after query 150: 0.7500
test Accuracy after query 150: 0.3852
Val Accuracy after query 155: 0.7900
test Accuracy after query 155: 0.4007
Val Accuracy after query 160: 0.7600
test Accuracy after query 160: 0.3948
Val Accuracy after query 165: 0.7500
test Accuracy after query 165: 0.3898
Val Accuracy after query 170: 0.7600
test Accuracy after query 170: 0.4023
Val Accuracy after query 175: 0.7400
test Accuracy after query 175: 0.3965
Val Accuracy after query 180: 0.7600
test Accuracy after query 180: 0.4153
Val Accuracy after query 185: 0.8200
test Accuracy after query 185: 0.4090
Val Accuracy after query 190: 0.7900
test Accuracy after query 190: 0.4170
Val Accuracy after query 195: 0.8000
test Accuracy after query 195: 0.4207
Val Accuracy after query 200: 0.7800
test Accuracy after query 200: 0.4345
Val Accuracy after query 205: 0.8200
test Accuracy after query 205: 0.4295
Val Accuracy after query 210: 0.7700
test Accuracy after query 210: 0.4371
Val Accuracy after query 215: 0.8500
test Accuracy after query 215: 0.4358
Val Accuracy after query 220: 0.8600
test Accuracy after query 220: 0.4534
Val Accuracy after query 225: 0.8200
test Accuracy after query 225: 0.4467
Val Accuracy after query 230: 0.8300
test Accuracy after query 230: 0.4287
Val Accuracy after query 235: 0.8300
test Accuracy after query 235: 0.4617
Val Accuracy after query 240: 0.8500
test Accuracy after query 240: 0.4655
Val Accuracy after query 245: 0.8500
test Accuracy after query 245: 0.4647
Val Accuracy after query 250: 0.8400
test Accuracy after query 250: 0.4668
Val Accuracy after query 255: 0.8300
test Accuracy after query 255: 0.4764
Val Accuracy after query 260: 0.8700
test Accuracy after query 260: 0.4676
Val Accuracy after query 265: 0.8700
test Accuracy after query 265: 0.4751
Val Accuracy after query 270: 0.8500
test Accuracy after query 270: 0.4772
Val Accuracy after query 275: 0.8500
test Accuracy after query 275: 0.4898
Val Accuracy after query 280: 0.8300
test Accuracy after query 280: 0.4684
Val Accuracy after query 285: 0.8800
test Accuracy after query 285: 0.5010
Val Accuracy after query 290: 0.0600
test Accuracy after query 290: 0.1363
Val Accuracy after query 295: 0.8900
test Accuracy after query 295: 0.4877
Val Accuracy after query 300: 0.8900
test Accuracy after query 300: 0.4743
********** Test Accuracy per experiment: 0.4742785445420326 **********
********** Experiment 3 (uniform-MC_dropout=True): 0:20:11 **********
Average Test score for uniform-MC_dropout=True: 0.4857103025233514

---------- Start max_entropy-MC_dropout=True training! ----------
args.dataset is:  ASL_GSL_MNIST_imbal
label_num is:  25
********** Experiment Iterations: 1/3 **********
X_init.shape:  (48, 1, 28, 28)
y_init.shape:  (48,)
Val Accuracy after query 5: 0.2600
test Accuracy after query 5: 0.0544
Val Accuracy after query 10: 0.3000
test Accuracy after query 10: 0.0774
Val Accuracy after query 15: 0.3900
test Accuracy after query 15: 0.1020
Val Accuracy after query 20: 0.4200
test Accuracy after query 20: 0.1209
Val Accuracy after query 25: 0.4400
test Accuracy after query 25: 0.1359
Val Accuracy after query 30: 0.4900
test Accuracy after query 30: 0.1564
Val Accuracy after query 35: 0.5400
test Accuracy after query 35: 0.1865
Val Accuracy after query 40: 0.5500
test Accuracy after query 40: 0.2016
Val Accuracy after query 45: 0.5500
test Accuracy after query 45: 0.2208
Val Accuracy after query 50: 0.5600
test Accuracy after query 50: 0.2371
Val Accuracy after query 55: 0.6200
test Accuracy after query 55: 0.2656
Val Accuracy after query 60: 0.5900
test Accuracy after query 60: 0.2760
Val Accuracy after query 65: 0.6100
test Accuracy after query 65: 0.3095
Val Accuracy after query 70: 0.6400
test Accuracy after query 70: 0.3266
Val Accuracy after query 75: 0.6400
test Accuracy after query 75: 0.3417
Val Accuracy after query 80: 0.6500
test Accuracy after query 80: 0.3622
Val Accuracy after query 85: 0.6500
test Accuracy after query 85: 0.3844
Val Accuracy after query 90: 0.6700
test Accuracy after query 90: 0.3890
Val Accuracy after query 95: 0.7100
test Accuracy after query 95: 0.4115
Val Accuracy after query 100: 0.7300
test Accuracy after query 100: 0.4220
Val Accuracy after query 105: 0.7500
test Accuracy after query 105: 0.4304
Val Accuracy after query 110: 0.7800
test Accuracy after query 110: 0.4458
Val Accuracy after query 115: 0.7500
test Accuracy after query 115: 0.4580
Val Accuracy after query 120: 0.8000
test Accuracy after query 120: 0.4826
Val Accuracy after query 125: 0.7900
test Accuracy after query 125: 0.4868
Val Accuracy after query 130: 0.8100
test Accuracy after query 130: 0.5019
Val Accuracy after query 135: 0.8100
test Accuracy after query 135: 0.5245
Val Accuracy after query 140: 0.8400
test Accuracy after query 140: 0.5353
Val Accuracy after query 145: 0.8400
test Accuracy after query 145: 0.5425
Val Accuracy after query 150: 0.8400
test Accuracy after query 150: 0.5500
Val Accuracy after query 155: 0.8400
test Accuracy after query 155: 0.5726
Val Accuracy after query 160: 0.8500
test Accuracy after query 160: 0.5788
Val Accuracy after query 165: 0.8500
test Accuracy after query 165: 0.5793
Val Accuracy after query 170: 0.8300
test Accuracy after query 170: 0.5910
Val Accuracy after query 175: 0.8700
test Accuracy after query 175: 0.6035
Val Accuracy after query 180: 0.8500
test Accuracy after query 180: 0.6131
Val Accuracy after query 185: 0.8600
test Accuracy after query 185: 0.6031
Val Accuracy after query 190: 0.8900
test Accuracy after query 190: 0.6094
Val Accuracy after query 195: 0.9100
test Accuracy after query 195: 0.6177
Val Accuracy after query 200: 0.9100
test Accuracy after query 200: 0.6265
Val Accuracy after query 205: 0.8900
test Accuracy after query 205: 0.6366
Val Accuracy after query 210: 0.9300
test Accuracy after query 210: 0.6374
Val Accuracy after query 215: 0.9300
test Accuracy after query 215: 0.6458
Val Accuracy after query 220: 0.9300
test Accuracy after query 220: 0.6349
Val Accuracy after query 225: 0.9400
test Accuracy after query 225: 0.6512
Val Accuracy after query 230: 0.9500
test Accuracy after query 230: 0.6600
Val Accuracy after query 235: 0.9200
test Accuracy after query 235: 0.6629
Val Accuracy after query 240: 0.9300
test Accuracy after query 240: 0.6562
Val Accuracy after query 245: 0.9100
test Accuracy after query 245: 0.6759
Val Accuracy after query 250: 0.9500
test Accuracy after query 250: 0.6830
Val Accuracy after query 255: 0.9700
test Accuracy after query 255: 0.6872
Val Accuracy after query 260: 0.9500
test Accuracy after query 260: 0.6759
Val Accuracy after query 265: 0.9600
test Accuracy after query 265: 0.6939
Val Accuracy after query 270: 0.9300
test Accuracy after query 270: 0.6922
Val Accuracy after query 275: 0.9600
test Accuracy after query 275: 0.6947
Val Accuracy after query 280: 0.9500
test Accuracy after query 280: 0.6947
Val Accuracy after query 285: 0.9600
test Accuracy after query 285: 0.6955
Val Accuracy after query 290: 0.9900
test Accuracy after query 290: 0.7026
Val Accuracy after query 295: 0.9700
test Accuracy after query 295: 0.6926
Val Accuracy after query 300: 0.9500
test Accuracy after query 300: 0.6888
********** Test Accuracy per experiment: 0.6888331242158093 **********
********** Experiment 1 (max_entropy-MC_dropout=True): 1:44:54 **********
args.dataset is:  ASL_GSL_MNIST_imbal
label_num is:  25
********** Experiment Iterations: 2/3 **********
X_init.shape:  (48, 1, 28, 28)
y_init.shape:  (48,)
Val Accuracy after query 5: 0.3200
test Accuracy after query 5: 0.0548
Val Accuracy after query 10: 0.3900
test Accuracy after query 10: 0.0711
Val Accuracy after query 15: 0.4700
test Accuracy after query 15: 0.0782
Val Accuracy after query 20: 0.5000
test Accuracy after query 20: 0.1079
Val Accuracy after query 25: 0.4900
test Accuracy after query 25: 0.1280
Val Accuracy after query 30: 0.5100
test Accuracy after query 30: 0.1476
Val Accuracy after query 35: 0.5200
test Accuracy after query 35: 0.1635
Val Accuracy after query 40: 0.5800
test Accuracy after query 40: 0.1903
Val Accuracy after query 45: 0.5800
test Accuracy after query 45: 0.2133
Val Accuracy after query 50: 0.6100
test Accuracy after query 50: 0.2430
Val Accuracy after query 55: 0.6100
test Accuracy after query 55: 0.2560
Val Accuracy after query 60: 0.6200
test Accuracy after query 60: 0.2748
Val Accuracy after query 65: 0.6200
test Accuracy after query 65: 0.2969
Val Accuracy after query 70: 0.6300
test Accuracy after query 70: 0.3183
Val Accuracy after query 75: 0.6600
test Accuracy after query 75: 0.3363
Val Accuracy after query 80: 0.6700
test Accuracy after query 80: 0.3501
Val Accuracy after query 85: 0.6500
test Accuracy after query 85: 0.3572
Val Accuracy after query 90: 0.6700
test Accuracy after query 90: 0.3756
Val Accuracy after query 95: 0.6800
test Accuracy after query 95: 0.3977
Val Accuracy after query 100: 0.6900
test Accuracy after query 100: 0.4049
Val Accuracy after query 105: 0.7000
test Accuracy after query 105: 0.4287
Val Accuracy after query 110: 0.7300
test Accuracy after query 110: 0.4450
Val Accuracy after query 115: 0.7200
test Accuracy after query 115: 0.4596
Val Accuracy after query 120: 0.7600
test Accuracy after query 120: 0.4630
Val Accuracy after query 125: 0.7800
test Accuracy after query 125: 0.4797
Val Accuracy after query 130: 0.7700
test Accuracy after query 130: 0.4839
Val Accuracy after query 135: 0.7900
test Accuracy after query 135: 0.5031
Val Accuracy after query 140: 0.7900
test Accuracy after query 140: 0.5086
Val Accuracy after query 145: 0.8000
test Accuracy after query 145: 0.5266
Val Accuracy after query 150: 0.8400
test Accuracy after query 150: 0.5529
Val Accuracy after query 155: 0.7800
test Accuracy after query 155: 0.5395
Val Accuracy after query 160: 0.8200
test Accuracy after query 160: 0.5650
Val Accuracy after query 165: 0.8400
test Accuracy after query 165: 0.5701
Val Accuracy after query 170: 0.8400
test Accuracy after query 170: 0.5843
Val Accuracy after query 175: 0.8800
test Accuracy after query 175: 0.5914
Val Accuracy after query 180: 0.8700
test Accuracy after query 180: 0.5918
Val Accuracy after query 185: 0.8600
test Accuracy after query 185: 0.6048
Val Accuracy after query 190: 0.8600
test Accuracy after query 190: 0.6115
Val Accuracy after query 195: 0.9000
test Accuracy after query 195: 0.6169
Val Accuracy after query 200: 0.9200
test Accuracy after query 200: 0.6248
Val Accuracy after query 205: 0.9100
test Accuracy after query 205: 0.6248
Val Accuracy after query 210: 0.9200
test Accuracy after query 210: 0.6432
Val Accuracy after query 215: 0.9300
test Accuracy after query 215: 0.6332
Val Accuracy after query 220: 0.9300
test Accuracy after query 220: 0.6487
Val Accuracy after query 225: 0.9400
test Accuracy after query 225: 0.6541
Val Accuracy after query 230: 0.9400
test Accuracy after query 230: 0.6533
Val Accuracy after query 235: 0.9300
test Accuracy after query 235: 0.6591
Val Accuracy after query 240: 0.9400
test Accuracy after query 240: 0.6596
Val Accuracy after query 245: 0.9500
test Accuracy after query 245: 0.6616
Val Accuracy after query 250: 0.9500
test Accuracy after query 250: 0.6671
Val Accuracy after query 255: 0.9500
test Accuracy after query 255: 0.6667
Val Accuracy after query 260: 0.9600
test Accuracy after query 260: 0.6771
Val Accuracy after query 265: 0.9700
test Accuracy after query 265: 0.6788
Val Accuracy after query 270: 0.9700
test Accuracy after query 270: 0.6817
Val Accuracy after query 275: 0.9800
test Accuracy after query 275: 0.6805
Val Accuracy after query 280: 0.9800
test Accuracy after query 280: 0.6888
Val Accuracy after query 285: 0.9700
test Accuracy after query 285: 0.6959
Val Accuracy after query 290: 0.9600
test Accuracy after query 290: 0.6939
Val Accuracy after query 295: 0.9500
test Accuracy after query 295: 0.6968
Val Accuracy after query 300: 0.9800
test Accuracy after query 300: 0.7039
********** Test Accuracy per experiment: 0.7038895859473023 **********
********** Experiment 2 (max_entropy-MC_dropout=True): 1:44:41 **********
args.dataset is:  ASL_GSL_MNIST_imbal
label_num is:  25
********** Experiment Iterations: 3/3 **********
X_init.shape:  (48, 1, 28, 28)
y_init.shape:  (48,)
Val Accuracy after query 5: 0.3200
test Accuracy after query 5: 0.0577
Val Accuracy after query 10: 0.3600
test Accuracy after query 10: 0.0611
Val Accuracy after query 15: 0.3500
test Accuracy after query 15: 0.0799
Val Accuracy after query 20: 0.4100
test Accuracy after query 20: 0.0991
Val Accuracy after query 25: 0.4300
test Accuracy after query 25: 0.1113
Val Accuracy after query 30: 0.5200
test Accuracy after query 30: 0.1401
Val Accuracy after query 35: 0.5000
test Accuracy after query 35: 0.1635
Val Accuracy after query 40: 0.5100
test Accuracy after query 40: 0.1740
Val Accuracy after query 45: 0.5500
test Accuracy after query 45: 0.1945
Val Accuracy after query 50: 0.5500
test Accuracy after query 50: 0.2112
Val Accuracy after query 55: 0.5500
test Accuracy after query 55: 0.2325
Val Accuracy after query 60: 0.5500
test Accuracy after query 60: 0.2518
Val Accuracy after query 65: 0.6000
test Accuracy after query 65: 0.2790
Val Accuracy after query 70: 0.6100
test Accuracy after query 70: 0.2844
Val Accuracy after query 75: 0.6000
test Accuracy after query 75: 0.3061
Val Accuracy after query 80: 0.6700
test Accuracy after query 80: 0.3342
Val Accuracy after query 85: 0.6400
test Accuracy after query 85: 0.3484
Val Accuracy after query 90: 0.6300
test Accuracy after query 90: 0.3605
Val Accuracy after query 95: 0.6900
test Accuracy after query 95: 0.3781
Val Accuracy after query 100: 0.6900
test Accuracy after query 100: 0.3986
Val Accuracy after query 105: 0.6700
test Accuracy after query 105: 0.4258
Val Accuracy after query 110: 0.7000
test Accuracy after query 110: 0.4358
Val Accuracy after query 115: 0.6600
test Accuracy after query 115: 0.4634
Val Accuracy after query 120: 0.7200
test Accuracy after query 120: 0.4709
Val Accuracy after query 125: 0.7100
test Accuracy after query 125: 0.4810
Val Accuracy after query 130: 0.7700
test Accuracy after query 130: 0.4793
Val Accuracy after query 135: 0.7700
test Accuracy after query 135: 0.4990
Val Accuracy after query 140: 0.7800
test Accuracy after query 140: 0.5128
Val Accuracy after query 145: 0.7600
test Accuracy after query 145: 0.5282
Val Accuracy after query 150: 0.7700
test Accuracy after query 150: 0.5278
Val Accuracy after query 155: 0.7900
test Accuracy after query 155: 0.5471
Val Accuracy after query 160: 0.7900
test Accuracy after query 160: 0.5521
Val Accuracy after query 165: 0.8400
test Accuracy after query 165: 0.5659
Val Accuracy after query 170: 0.7900
test Accuracy after query 170: 0.5784
Val Accuracy after query 175: 0.8100
test Accuracy after query 175: 0.5759
Val Accuracy after query 180: 0.8000
test Accuracy after query 180: 0.5918
Val Accuracy after query 185: 0.7800
test Accuracy after query 185: 0.5947
Val Accuracy after query 190: 0.8500
test Accuracy after query 190: 0.5977
Val Accuracy after query 195: 0.8600
test Accuracy after query 195: 0.6102
Val Accuracy after query 200: 0.8400
test Accuracy after query 200: 0.6198
Val Accuracy after query 205: 0.8500
test Accuracy after query 205: 0.6228
Val Accuracy after query 210: 0.8300
test Accuracy after query 210: 0.6278
Val Accuracy after query 215: 0.8500
test Accuracy after query 215: 0.6378
Val Accuracy after query 220: 0.8600
test Accuracy after query 220: 0.6386
Val Accuracy after query 225: 0.8400
test Accuracy after query 225: 0.6407
Val Accuracy after query 230: 0.8900
test Accuracy after query 230: 0.6537
Val Accuracy after query 235: 0.8700
test Accuracy after query 235: 0.6541
Val Accuracy after query 240: 0.9000
test Accuracy after query 240: 0.6591
Val Accuracy after query 245: 0.8900
test Accuracy after query 245: 0.6591
Val Accuracy after query 250: 0.8900
test Accuracy after query 250: 0.6583
Val Accuracy after query 255: 0.9000
test Accuracy after query 255: 0.6621
Val Accuracy after query 260: 0.8800
test Accuracy after query 260: 0.6717
Val Accuracy after query 265: 0.8700
test Accuracy after query 265: 0.6646
Val Accuracy after query 270: 0.8800
test Accuracy after query 270: 0.6717
Val Accuracy after query 275: 0.8900
test Accuracy after query 275: 0.6754
Val Accuracy after query 280: 0.8900
test Accuracy after query 280: 0.6796
Val Accuracy after query 285: 0.9300
test Accuracy after query 285: 0.6851
Val Accuracy after query 290: 0.9200
test Accuracy after query 290: 0.6855
Val Accuracy after query 295: 0.8900
test Accuracy after query 295: 0.6922
Val Accuracy after query 300: 0.9200
test Accuracy after query 300: 0.6993
********** Test Accuracy per experiment: 0.699289000418235 **********
********** Experiment 3 (max_entropy-MC_dropout=True): 1:44:32 **********
Average Test score for max_entropy-MC_dropout=True: 0.697337236860449

---------- Start bald-MC_dropout=True training! ----------
args.dataset is:  ASL_GSL_MNIST_imbal
label_num is:  25
********** Experiment Iterations: 1/3 **********
X_init.shape:  (48, 1, 28, 28)
y_init.shape:  (48,)
Val Accuracy after query 5: 0.2700
test Accuracy after query 5: 0.0632
Val Accuracy after query 10: 0.4200
test Accuracy after query 10: 0.0816
Val Accuracy after query 15: 0.5000
test Accuracy after query 15: 0.0870
Val Accuracy after query 20: 0.5300
test Accuracy after query 20: 0.1041
Val Accuracy after query 25: 0.5500
test Accuracy after query 25: 0.1205
Val Accuracy after query 30: 0.5700
test Accuracy after query 30: 0.1305
Val Accuracy after query 35: 0.5600
test Accuracy after query 35: 0.1472
Val Accuracy after query 40: 0.6200
test Accuracy after query 40: 0.1715
Val Accuracy after query 45: 0.6200
test Accuracy after query 45: 0.1920
Val Accuracy after query 50: 0.5900
test Accuracy after query 50: 0.2196
Val Accuracy after query 55: 0.6400
test Accuracy after query 55: 0.2350
Val Accuracy after query 60: 0.6900
test Accuracy after query 60: 0.2689
Val Accuracy after query 65: 0.7100
test Accuracy after query 65: 0.2882
Val Accuracy after query 70: 0.7100
test Accuracy after query 70: 0.3057
Val Accuracy after query 75: 0.7700
test Accuracy after query 75: 0.3287
Val Accuracy after query 80: 0.7700
test Accuracy after query 80: 0.3580
Val Accuracy after query 85: 0.8000
test Accuracy after query 85: 0.3735
Val Accuracy after query 90: 0.8000
test Accuracy after query 90: 0.3936
Val Accuracy after query 95: 0.8100
test Accuracy after query 95: 0.4149
Val Accuracy after query 100: 0.8300
test Accuracy after query 100: 0.4362
Val Accuracy after query 105: 0.7600
test Accuracy after query 105: 0.4500
Val Accuracy after query 110: 0.8200
test Accuracy after query 110: 0.4680
Val Accuracy after query 115: 0.8000
test Accuracy after query 115: 0.4872
Val Accuracy after query 120: 0.8600
test Accuracy after query 120: 0.4990
Val Accuracy after query 125: 0.8600
test Accuracy after query 125: 0.5069
Val Accuracy after query 130: 0.8400
test Accuracy after query 130: 0.5023
Val Accuracy after query 135: 0.8700
test Accuracy after query 135: 0.5253
Val Accuracy after query 140: 0.8500
test Accuracy after query 140: 0.5266
Val Accuracy after query 145: 0.9100
test Accuracy after query 145: 0.5604
Val Accuracy after query 150: 0.8500
test Accuracy after query 150: 0.5332
Val Accuracy after query 155: 0.8700
test Accuracy after query 155: 0.5663
Val Accuracy after query 160: 0.8700
test Accuracy after query 160: 0.5793
Val Accuracy after query 165: 0.8800
test Accuracy after query 165: 0.5717
Val Accuracy after query 170: 0.9100
test Accuracy after query 170: 0.5922
Val Accuracy after query 175: 0.9200
test Accuracy after query 175: 0.6056
Val Accuracy after query 180: 0.9500
test Accuracy after query 180: 0.5951
Val Accuracy after query 185: 0.9600
test Accuracy after query 185: 0.6165
Val Accuracy after query 190: 0.9000
test Accuracy after query 190: 0.6156
Val Accuracy after query 195: 0.9500
test Accuracy after query 195: 0.6269
Val Accuracy after query 200: 0.9700
test Accuracy after query 200: 0.6282
Val Accuracy after query 205: 0.9400
test Accuracy after query 205: 0.6328
Val Accuracy after query 210: 0.9500
test Accuracy after query 210: 0.6361
Val Accuracy after query 215: 0.9400
test Accuracy after query 215: 0.6349
srun: Job step aborted: Waiting up to 32 seconds for job step to finish.
slurmstepd: error: *** JOB 8928234 ON r31n4 CANCELLED AT 2022-04-13T00:49:58 DUE TO TIME LIMIT ***
slurmstepd: error: *** STEP 8928234.0 ON r31n4 CANCELLED AT 2022-04-13T00:49:58 DUE TO TIME LIMIT ***
