/home/wangsh/DBALwithImgData-main/main.py:10: DeprecationWarning: Please use `gaussian_filter1d` from the `scipy.ndimage` namespace, the `scipy.ndimage.filters` namespace is deprecated.
  from scipy.ndimage.filters import gaussian_filter1d
Using device: cuda:0
state_loop:  [True]

---------- Start max_entropy-MC_dropout=True training! ----------
args.dataset is:  GSL_MNIST_imbal_less
label_num is:  25
model.conv1 :  Conv2d(3, 64, kernel_size=(7, 7), stride=(2, 2), padding=(3, 3), bias=False)
********** Experiment Iterations: 1/1 **********
X_init.shape:  (46, 1, 28, 28)
y_init.shape:  (46,)
Val Accuracy after query 5: 0.2200
test Accuracy after query 5: 0.1382
Val Accuracy after query 10: 0.2200
test Accuracy after query 10: 0.1476
Val Accuracy after query 15: 0.3100
test Accuracy after query 15: 0.1904
Val Accuracy after query 20: 0.4300
test Accuracy after query 20: 0.2436
Val Accuracy after query 25: 0.4800
test Accuracy after query 25: 0.2859
Val Accuracy after query 30: 0.4200
test Accuracy after query 30: 0.3208
Val Accuracy after query 35: 0.4100
test Accuracy after query 35: 0.3354
Val Accuracy after query 40: 0.4500
test Accuracy after query 40: 0.3339
Val Accuracy after query 45: 0.5400
test Accuracy after query 45: 0.4017
Val Accuracy after query 50: 0.6000
test Accuracy after query 50: 0.4278
Val Accuracy after query 55: 0.5600
test Accuracy after query 55: 0.4512
Val Accuracy after query 60: 0.5500
test Accuracy after query 60: 0.4512
Val Accuracy after query 65: 0.6600
test Accuracy after query 65: 0.5279
Val Accuracy after query 70: 0.6800
test Accuracy after query 70: 0.5159
Val Accuracy after query 75: 0.7100
test Accuracy after query 75: 0.5368
/home/wangsh/DBALwithImgData-main/main.py:114: UserWarning: Matplotlib is currently using agg, which is a non-GUI backend, so cannot show the figure.
  plt.show()
Val Accuracy after query 80: 0.6600
test Accuracy after query 80: 0.5608
********** Test Accuracy per experiment: 0.5607720396452791 **********
********** Experiment 1 (max_entropy-MC_dropout=True): 0:28:10 **********
Average Test score for max_entropy-MC_dropout=True: 0.5607720396452791
--------------- Done Training! ---------------
