/home/wangsh/DBALwithImgData-main/main.py:10: DeprecationWarning: Please use `gaussian_filter1d` from the `scipy.ndimage` namespace, the `scipy.ndimage.filters` namespace is deprecated.
  from scipy.ndimage.filters import gaussian_filter1d
Using device: cuda:0
state_loop:  [True]

---------- Start max_entropy-MC_dropout=True training! ----------
args.dataset is:  GSL_MNIST_imbal
label_num is:  26
model.conv1 :  Conv2d(3, 64, kernel_size=(7, 7), stride=(2, 2), padding=(3, 3), bias=False)
********** Experiment Iterations: 1/1 **********
X_init.shape:  (46, 1, 28, 28)
y_init.shape:  (46,)
Val Accuracy after query 5: 0.1900
test Accuracy after query 5: 0.1167
Val Accuracy after query 10: 0.2100
test Accuracy after query 10: 0.1531
Val Accuracy after query 15: 0.2900
test Accuracy after query 15: 0.1777
Val Accuracy after query 20: 0.3100
test Accuracy after query 20: 0.2054
Val Accuracy after query 25: 0.4100
test Accuracy after query 25: 0.2526
Val Accuracy after query 30: 0.4200
test Accuracy after query 30: 0.2309
Val Accuracy after query 35: 0.4100
test Accuracy after query 35: 0.2769
Val Accuracy after query 40: 0.3700
test Accuracy after query 40: 0.2300
Val Accuracy after query 45: 0.4900
test Accuracy after query 45: 0.3199
Val Accuracy after query 50: 0.5100
test Accuracy after query 50: 0.3488
Val Accuracy after query 55: 0.6200
test Accuracy after query 55: 0.3961
Val Accuracy after query 60: 0.5800
test Accuracy after query 60: 0.4078
Val Accuracy after query 65: 0.6600
test Accuracy after query 65: 0.4237
Val Accuracy after query 70: 0.6400
test Accuracy after query 70: 0.4086
Val Accuracy after query 75: 0.6800
test Accuracy after query 75: 0.4684
Val Accuracy after query 80: 0.7000
test Accuracy after query 80: 0.4856
Val Accuracy after query 85: 0.7000
test Accuracy after query 85: 0.4964
Val Accuracy after query 90: 0.6900
test Accuracy after query 90: 0.5002
Val Accuracy after query 95: 0.7500
test Accuracy after query 95: 0.5445
Val Accuracy after query 100: 0.7300
test Accuracy after query 100: 0.5374
Val Accuracy after query 105: 0.7700
test Accuracy after query 105: 0.5462
Val Accuracy after query 110: 0.7800
test Accuracy after query 110: 0.5742
Val Accuracy after query 115: 0.7500
test Accuracy after query 115: 0.5767
Val Accuracy after query 120: 0.7600
test Accuracy after query 120: 0.5834
********** Test Accuracy per experiment: 0.5834378920953576 **********
********** Experiment 1 (max_entropy-MC_dropout=True): 0:59:32 **********
Average Test score for max_entropy-MC_dropout=True: 0.5834378920953576
--------------- Done Training! ---------------
/home/wangsh/DBALwithImgData-main/main.py:110: UserWarning: Matplotlib is currently using agg, which is a non-GUI backend, so cannot show the figure.
  plt.show()
