/home/wangsh/DBALwithImgData-main/main.py:10: DeprecationWarning: Please use `gaussian_filter1d` from the `scipy.ndimage` namespace, the `scipy.ndimage.filters` namespace is deprecated.
  from scipy.ndimage.filters import gaussian_filter1d
Using device: cuda:0

---------- Start uniform-MC_dropout=True training! ----------
args.dataset is:  ISL_MNIST_imbal
label_num is:  26
********** Experiment Iterations: 1/1 **********
X_init.shape:  (52, 1, 28, 28)
y_init.shape:  (52,)
Val Accuracy after query 5: 0.9400
test Accuracy after query 5: 0.9556
Val Accuracy after query 10: 0.9700
test Accuracy after query 10: 0.9556
Val Accuracy after query 15: 0.9500
test Accuracy after query 15: 0.9653
Val Accuracy after query 20: 0.9900
test Accuracy after query 20: 0.9803
Val Accuracy after query 25: 0.9800
test Accuracy after query 25: 0.9831
Val Accuracy after query 30: 0.9900
test Accuracy after query 30: 0.9862
Val Accuracy after query 35: 0.9900
test Accuracy after query 35: 0.9872
Val Accuracy after query 40: 0.9900
test Accuracy after query 40: 0.9862
Val Accuracy after query 45: 1.0000
test Accuracy after query 45: 0.9875
Val Accuracy after query 50: 1.0000
test Accuracy after query 50: 0.9890
Val Accuracy after query 55: 1.0000
test Accuracy after query 55: 0.9897
Val Accuracy after query 60: 1.0000
test Accuracy after query 60: 0.9875
Val Accuracy after query 65: 1.0000
test Accuracy after query 65: 0.9872
Val Accuracy after query 70: 1.0000
test Accuracy after query 70: 0.9869
********** Test Accuracy per experiment: 0.9868544600938968 **********
********** Experiment 1 (uniform-MC_dropout=True): 0:1:35 **********
Average Test score for uniform-MC_dropout=True: 0.9868544600938968

---------- Start max_entropy-MC_dropout=True training! ----------
args.dataset is:  ISL_MNIST_imbal
label_num is:  26
********** Experiment Iterations: 1/1 **********
X_init.shape:  (52, 1, 28, 28)
y_init.shape:  (52,)
Val Accuracy after query 5: 0.9700
test Accuracy after query 5: 0.9743
Val Accuracy after query 10: 0.9900
test Accuracy after query 10: 0.9959
Val Accuracy after query 15: 1.0000
test Accuracy after query 15: 0.9987
Val Accuracy after query 20: 1.0000
test Accuracy after query 20: 1.0000
Val Accuracy after query 25: 1.0000
test Accuracy after query 25: 1.0000
Val Accuracy after query 30: 1.0000
test Accuracy after query 30: 1.0000
Val Accuracy after query 35: 1.0000
test Accuracy after query 35: 1.0000
Val Accuracy after query 40: 1.0000
test Accuracy after query 40: 1.0000
Val Accuracy after query 45: 1.0000
test Accuracy after query 45: 1.0000
Val Accuracy after query 50: 1.0000
test Accuracy after query 50: 1.0000
Val Accuracy after query 55: 1.0000
test Accuracy after query 55: 1.0000
Val Accuracy after query 60: 1.0000
test Accuracy after query 60: 1.0000
Val Accuracy after query 65: 1.0000
test Accuracy after query 65: 1.0000
Val Accuracy after query 70: 1.0000
test Accuracy after query 70: 1.0000
********** Test Accuracy per experiment: 1.0 **********
********** Experiment 1 (max_entropy-MC_dropout=True): 0:6:7 **********
Average Test score for max_entropy-MC_dropout=True: 1.0

---------- Start bald-MC_dropout=True training! ----------
args.dataset is:  ISL_MNIST_imbal
label_num is:  26
********** Experiment Iterations: 1/1 **********
X_init.shape:  (52, 1, 28, 28)
y_init.shape:  (52,)
Val Accuracy after query 5: 0.9600
test Accuracy after query 5: 0.9800
Val Accuracy after query 10: 0.9800
test Accuracy after query 10: 0.9953
Val Accuracy after query 15: 1.0000
test Accuracy after query 15: 0.9994
Val Accuracy after query 20: 1.0000
test Accuracy after query 20: 0.9997
Val Accuracy after query 25: 1.0000
test Accuracy after query 25: 1.0000
Val Accuracy after query 30: 1.0000
test Accuracy after query 30: 1.0000
Val Accuracy after query 35: 1.0000
test Accuracy after query 35: 0.9975
Val Accuracy after query 40: 1.0000
test Accuracy after query 40: 1.0000
Val Accuracy after query 45: 1.0000
test Accuracy after query 45: 1.0000
Val Accuracy after query 50: 1.0000
test Accuracy after query 50: 1.0000
Val Accuracy after query 55: 1.0000
test Accuracy after query 55: 1.0000
Val Accuracy after query 60: 1.0000
test Accuracy after query 60: 1.0000
Val Accuracy after query 65: 1.0000
test Accuracy after query 65: 1.0000
Val Accuracy after query 70: 1.0000
test Accuracy after query 70: 1.0000
********** Test Accuracy per experiment: 1.0 **********
********** Experiment 1 (bald-MC_dropout=True): 0:6:12 **********
Average Test score for bald-MC_dropout=True: 1.0

---------- Start var_ratios-MC_dropout=True training! ----------
args.dataset is:  ISL_MNIST_imbal
label_num is:  26
********** Experiment Iterations: 1/1 **********
X_init.shape:  (52, 1, 28, 28)
y_init.shape:  (52,)
Val Accuracy after query 5: 0.9800
test Accuracy after query 5: 0.9862
Val Accuracy after query 10: 1.0000
test Accuracy after query 10: 0.9987
Val Accuracy after query 15: 1.0000
test Accuracy after query 15: 0.9994
Val Accuracy after query 20: 1.0000
test Accuracy after query 20: 1.0000
Val Accuracy after query 25: 1.0000
test Accuracy after query 25: 1.0000
Val Accuracy after query 30: 1.0000
test Accuracy after query 30: 1.0000
Val Accuracy after query 35: 1.0000
test Accuracy after query 35: 1.0000
Val Accuracy after query 40: 1.0000
test Accuracy after query 40: 1.0000
Val Accuracy after query 45: 1.0000
test Accuracy after query 45: 1.0000
Val Accuracy after query 50: 1.0000
test Accuracy after query 50: 1.0000
Val Accuracy after query 55: 1.0000
test Accuracy after query 55: 1.0000
Val Accuracy after query 60: 1.0000
test Accuracy after query 60: 1.0000
Val Accuracy after query 65: 1.0000
test Accuracy after query 65: 1.0000
Val Accuracy after query 70: 1.0000
test Accuracy after query 70: 1.0000
********** Test Accuracy per experiment: 1.0 **********
********** Experiment 1 (var_ratios-MC_dropout=True): 0:6:12 **********
Average Test score for var_ratios-MC_dropout=True: 1.0

---------- Start mean_std-MC_dropout=True training! ----------
args.dataset is:  ISL_MNIST_imbal
label_num is:  26
********** Experiment Iterations: 1/1 **********
X_init.shape:  (52, 1, 28, 28)
y_init.shape:  (52,)
Val Accuracy after query 5: 0.9800
test Accuracy after query 5: 0.9753
Val Accuracy after query 10: 1.0000
test Accuracy after query 10: 0.9950
Val Accuracy after query 15: 1.0000
test Accuracy after query 15: 1.0000
Val Accuracy after query 20: 1.0000
test Accuracy after query 20: 1.0000
Val Accuracy after query 25: 1.0000
test Accuracy after query 25: 1.0000
Val Accuracy after query 30: 1.0000
test Accuracy after query 30: 1.0000
Val Accuracy after query 35: 1.0000
test Accuracy after query 35: 1.0000
Val Accuracy after query 40: 1.0000
test Accuracy after query 40: 1.0000
Val Accuracy after query 45: 1.0000
test Accuracy after query 45: 1.0000
Val Accuracy after query 50: 1.0000
test Accuracy after query 50: 1.0000
Val Accuracy after query 55: 1.0000
test Accuracy after query 55: 1.0000
Val Accuracy after query 60: 1.0000
test Accuracy after query 60: 1.0000
Val Accuracy after query 65: 1.0000
test Accuracy after query 65: 1.0000
Val Accuracy after query 70: 1.0000
test Accuracy after query 70: 1.0000
********** Test Accuracy per experiment: 1.0 **********
********** Experiment 1 (mean_std-MC_dropout=True): 0:6:8 **********
Average Test score for mean_std-MC_dropout=True: 1.0
--------------- Done Training! ---------------
/home/wangsh/DBALwithImgData-main/main.py:63: UserWarning: Matplotlib is currently using agg, which is a non-GUI backend, so cannot show the figure.
  plt.show()
