/home/wangsh/DBALwithImgData-main/main.py:10: DeprecationWarning: Please use `gaussian_filter1d` from the `scipy.ndimage` namespace, the `scipy.ndimage.filters` namespace is deprecated.
  from scipy.ndimage.filters import gaussian_filter1d
Using device: cuda:0
Initial training data points: 20
Data distribution for each class: [2 2 2 2 2 2 2 2 2 2]

---------- Start uniform-MC_dropout=True training! ----------
********** Experiment Iterations: 1/3 **********
X_init.shape:  (20, 1, 28, 28)
y_init.shape:  (20,)
Val Accuracy after query 5: 0.7700
test Accuracy after query 5: 0.7908
Val Accuracy after query 10: 0.8600
test Accuracy after query 10: 0.8737
Val Accuracy after query 15: 0.8900
test Accuracy after query 15: 0.9030
Val Accuracy after query 20: 0.9300
test Accuracy after query 20: 0.9243
Val Accuracy after query 25: 0.9200
test Accuracy after query 25: 0.9268
Val Accuracy after query 30: 0.9300
test Accuracy after query 30: 0.9348
Val Accuracy after query 35: 0.9200
test Accuracy after query 35: 0.9409
Val Accuracy after query 40: 0.9200
test Accuracy after query 40: 0.9393
Val Accuracy after query 45: 0.9200
test Accuracy after query 45: 0.9426
Val Accuracy after query 50: 0.9600
test Accuracy after query 50: 0.9447
Val Accuracy after query 55: 0.9400
test Accuracy after query 55: 0.9410
Val Accuracy after query 60: 0.9300
test Accuracy after query 60: 0.9535
Val Accuracy after query 65: 0.9500
test Accuracy after query 65: 0.9494
Val Accuracy after query 70: 0.9700
test Accuracy after query 70: 0.9531
Val Accuracy after query 75: 0.9600
test Accuracy after query 75: 0.9525
Val Accuracy after query 80: 0.9400
test Accuracy after query 80: 0.9560
Val Accuracy after query 85: 0.9600
test Accuracy after query 85: 0.9603
Val Accuracy after query 90: 0.9500
test Accuracy after query 90: 0.9580
Val Accuracy after query 95: 0.9700
test Accuracy after query 95: 0.9643
Val Accuracy after query 100: 0.9800
test Accuracy after query 100: 0.9621
Val Accuracy after query 105: 0.9600
test Accuracy after query 105: 0.9622
Val Accuracy after query 110: 0.9700
test Accuracy after query 110: 0.9638
Val Accuracy after query 115: 0.9800
test Accuracy after query 115: 0.9629
Val Accuracy after query 120: 0.9700
test Accuracy after query 120: 0.9670
Val Accuracy after query 125: 0.9700
test Accuracy after query 125: 0.9670
Val Accuracy after query 130: 0.9900
test Accuracy after query 130: 0.9649
Val Accuracy after query 135: 0.9700
test Accuracy after query 135: 0.9671
Val Accuracy after query 140: 0.9900
test Accuracy after query 140: 0.9676
Val Accuracy after query 145: 0.9900
test Accuracy after query 145: 0.9684
Val Accuracy after query 150: 0.9900
test Accuracy after query 150: 0.9702
********** Test Accuracy per experiment: 0.9702 **********
********** Experiment 1 (uniform-MC_dropout=True): 0:6:0 **********
********** Experiment Iterations: 2/3 **********
X_init.shape:  (20, 1, 28, 28)
y_init.shape:  (20,)
Val Accuracy after query 5: 0.6500
test Accuracy after query 5: 0.7180
Val Accuracy after query 10: 0.8100
test Accuracy after query 10: 0.8270
Val Accuracy after query 15: 0.8900
test Accuracy after query 15: 0.8932
Val Accuracy after query 20: 0.9300
test Accuracy after query 20: 0.9045
Val Accuracy after query 25: 0.9300
test Accuracy after query 25: 0.9124
Val Accuracy after query 30: 0.9100
test Accuracy after query 30: 0.9196
Val Accuracy after query 35: 0.9300
test Accuracy after query 35: 0.9296
Val Accuracy after query 40: 0.9400
test Accuracy after query 40: 0.9354
Val Accuracy after query 45: 0.9600
test Accuracy after query 45: 0.9411
Val Accuracy after query 50: 0.9500
test Accuracy after query 50: 0.9421
Val Accuracy after query 55: 0.9400
test Accuracy after query 55: 0.9410
Val Accuracy after query 60: 0.9500
test Accuracy after query 60: 0.9532
Val Accuracy after query 65: 0.9600
test Accuracy after query 65: 0.9478
Val Accuracy after query 70: 0.9700
test Accuracy after query 70: 0.9535
Val Accuracy after query 75: 0.9500
test Accuracy after query 75: 0.9543
Val Accuracy after query 80: 0.9600
test Accuracy after query 80: 0.9568
Val Accuracy after query 85: 0.9600
test Accuracy after query 85: 0.9564
Val Accuracy after query 90: 0.9500
test Accuracy after query 90: 0.9628
Val Accuracy after query 95: 0.9300
test Accuracy after query 95: 0.9589
Val Accuracy after query 100: 0.9600
test Accuracy after query 100: 0.9646
Val Accuracy after query 105: 0.9500
test Accuracy after query 105: 0.9628
Val Accuracy after query 110: 0.9700
test Accuracy after query 110: 0.9564
Val Accuracy after query 115: 0.9600
test Accuracy after query 115: 0.9630
Val Accuracy after query 120: 0.9700
test Accuracy after query 120: 0.9658
Val Accuracy after query 125: 0.9700
test Accuracy after query 125: 0.9662
Val Accuracy after query 130: 0.9500
test Accuracy after query 130: 0.9650
Val Accuracy after query 135: 0.9400
test Accuracy after query 135: 0.9614
Val Accuracy after query 140: 0.9800
test Accuracy after query 140: 0.9674
Val Accuracy after query 145: 0.9800
test Accuracy after query 145: 0.9635
Val Accuracy after query 150: 0.9600
test Accuracy after query 150: 0.9661
********** Test Accuracy per experiment: 0.9661 **********
********** Experiment 2 (uniform-MC_dropout=True): 0:5:53 **********
********** Experiment Iterations: 3/3 **********
X_init.shape:  (20, 1, 28, 28)
y_init.shape:  (20,)
Val Accuracy after query 5: 0.7600
test Accuracy after query 5: 0.7809
Val Accuracy after query 10: 0.8100
test Accuracy after query 10: 0.8637
Val Accuracy after query 15: 0.8700
test Accuracy after query 15: 0.8953
Val Accuracy after query 20: 0.9000
test Accuracy after query 20: 0.9047
Val Accuracy after query 25: 0.9100
test Accuracy after query 25: 0.9126
Val Accuracy after query 30: 0.9300
test Accuracy after query 30: 0.9348
Val Accuracy after query 35: 0.9300
test Accuracy after query 35: 0.9378
Val Accuracy after query 40: 0.9500
test Accuracy after query 40: 0.9299
Val Accuracy after query 45: 0.9200
test Accuracy after query 45: 0.9347
Val Accuracy after query 50: 0.9100
test Accuracy after query 50: 0.9404
Val Accuracy after query 55: 0.9100
test Accuracy after query 55: 0.9349
Val Accuracy after query 60: 0.9300
test Accuracy after query 60: 0.9456
Val Accuracy after query 65: 0.9400
test Accuracy after query 65: 0.9514
Val Accuracy after query 70: 0.9600
test Accuracy after query 70: 0.9539
Val Accuracy after query 75: 0.9600
test Accuracy after query 75: 0.9500
Val Accuracy after query 80: 0.9700
test Accuracy after query 80: 0.9589
Val Accuracy after query 85: 0.9200
test Accuracy after query 85: 0.9574
Val Accuracy after query 90: 0.9300
test Accuracy after query 90: 0.9598
Val Accuracy after query 95: 0.9200
test Accuracy after query 95: 0.9569
Val Accuracy after query 100: 0.9500
test Accuracy after query 100: 0.9598
Val Accuracy after query 105: 0.9300
test Accuracy after query 105: 0.9589
Val Accuracy after query 110: 0.9500
test Accuracy after query 110: 0.9634
Val Accuracy after query 115: 0.9400
test Accuracy after query 115: 0.9608
Val Accuracy after query 120: 0.9400
test Accuracy after query 120: 0.9590
Val Accuracy after query 125: 0.9600
test Accuracy after query 125: 0.9654
Val Accuracy after query 130: 0.9500
test Accuracy after query 130: 0.9649
Val Accuracy after query 135: 0.9700
test Accuracy after query 135: 0.9626
Val Accuracy after query 140: 0.9600
test Accuracy after query 140: 0.9681
Val Accuracy after query 145: 0.9800
test Accuracy after query 145: 0.9672
Val Accuracy after query 150: 0.9600
test Accuracy after query 150: 0.9649
********** Test Accuracy per experiment: 0.9649 **********
********** Experiment 3 (uniform-MC_dropout=True): 0:5:51 **********
Average Test score for uniform-MC_dropout=True: 0.9670666666666666
Saved: result_npy/uniform-MC_dropout=TrueMNIST.npy

---------- Start max_entropy-MC_dropout=True training! ----------
********** Experiment Iterations: 1/3 **********
X_init.shape:  (20, 1, 28, 28)
y_init.shape:  (20,)
Val Accuracy after query 5: 0.7900
test Accuracy after query 5: 0.7582
Val Accuracy after query 10: 0.8700
test Accuracy after query 10: 0.8547
Val Accuracy after query 15: 0.9200
test Accuracy after query 15: 0.9260
Val Accuracy after query 20: 0.9500
test Accuracy after query 20: 0.9446
Val Accuracy after query 25: 0.9600
test Accuracy after query 25: 0.9510
Val Accuracy after query 30: 0.9600
test Accuracy after query 30: 0.9567
Val Accuracy after query 35: 0.9700
test Accuracy after query 35: 0.9713
Val Accuracy after query 40: 0.9700
test Accuracy after query 40: 0.9725
Val Accuracy after query 45: 0.9800
test Accuracy after query 45: 0.9723
Val Accuracy after query 50: 0.9800
test Accuracy after query 50: 0.9732
Val Accuracy after query 55: 0.9900
test Accuracy after query 55: 0.9731
Val Accuracy after query 60: 0.9800
test Accuracy after query 60: 0.9779
Val Accuracy after query 65: 0.9800
test Accuracy after query 65: 0.9791
Val Accuracy after query 70: 0.9900
test Accuracy after query 70: 0.9806
Val Accuracy after query 75: 0.9900
test Accuracy after query 75: 0.9822
Val Accuracy after query 80: 0.9800
test Accuracy after query 80: 0.9831
Val Accuracy after query 85: 0.9800
test Accuracy after query 85: 0.9843
Val Accuracy after query 90: 0.9700
test Accuracy after query 90: 0.9789
Val Accuracy after query 95: 0.9600
test Accuracy after query 95: 0.9808
Val Accuracy after query 100: 0.9900
test Accuracy after query 100: 0.9837
Val Accuracy after query 105: 0.9900
test Accuracy after query 105: 0.9843
Val Accuracy after query 110: 0.9900
test Accuracy after query 110: 0.9834
Val Accuracy after query 115: 0.9700
test Accuracy after query 115: 0.9797
Val Accuracy after query 120: 0.9900
test Accuracy after query 120: 0.9844
Val Accuracy after query 125: 1.0000
test Accuracy after query 125: 0.9847
Val Accuracy after query 130: 0.9900
test Accuracy after query 130: 0.9860
Val Accuracy after query 135: 0.9900
test Accuracy after query 135: 0.9847
Val Accuracy after query 140: 0.9900
test Accuracy after query 140: 0.9852
Val Accuracy after query 145: 0.9900
test Accuracy after query 145: 0.9864
Val Accuracy after query 150: 1.0000
test Accuracy after query 150: 0.9851
********** Test Accuracy per experiment: 0.9851 **********
********** Experiment 1 (max_entropy-MC_dropout=True): 0:26:11 **********
********** Experiment Iterations: 2/3 **********
X_init.shape:  (20, 1, 28, 28)
y_init.shape:  (20,)
Val Accuracy after query 5: 0.7700
test Accuracy after query 5: 0.7936
Val Accuracy after query 10: 0.8900
test Accuracy after query 10: 0.8986
Val Accuracy after query 15: 0.9600
test Accuracy after query 15: 0.9330
Val Accuracy after query 20: 0.9600
test Accuracy after query 20: 0.9404
Val Accuracy after query 25: 0.9500
test Accuracy after query 25: 0.9553
Val Accuracy after query 30: 0.9700
test Accuracy after query 30: 0.9642
Val Accuracy after query 35: 0.9800
test Accuracy after query 35: 0.9686
Val Accuracy after query 40: 0.9600
test Accuracy after query 40: 0.9695
Val Accuracy after query 45: 0.9600
test Accuracy after query 45: 0.9710
Val Accuracy after query 50: 0.9800
test Accuracy after query 50: 0.9725
Val Accuracy after query 55: 0.9700
test Accuracy after query 55: 0.9726
Val Accuracy after query 60: 0.9800
test Accuracy after query 60: 0.9747
Val Accuracy after query 65: 0.9800
test Accuracy after query 65: 0.9786
Val Accuracy after query 70: 0.9600
test Accuracy after query 70: 0.9782
Val Accuracy after query 75: 0.9700
test Accuracy after query 75: 0.9747
Val Accuracy after query 80: 0.9600
test Accuracy after query 80: 0.9775
Val Accuracy after query 85: 0.9800
test Accuracy after query 85: 0.9782
Val Accuracy after query 90: 0.9800
test Accuracy after query 90: 0.9781
Val Accuracy after query 95: 0.9900
test Accuracy after query 95: 0.9807
Val Accuracy after query 100: 0.9800
test Accuracy after query 100: 0.9814
Val Accuracy after query 105: 0.9600
test Accuracy after query 105: 0.9776
Val Accuracy after query 110: 0.9800
test Accuracy after query 110: 0.9826
Val Accuracy after query 115: 0.9900
test Accuracy after query 115: 0.9835
Val Accuracy after query 120: 0.9900
test Accuracy after query 120: 0.9839
Val Accuracy after query 125: 0.9900
test Accuracy after query 125: 0.9835
Val Accuracy after query 130: 0.9800
test Accuracy after query 130: 0.9842
Val Accuracy after query 135: 0.9800
test Accuracy after query 135: 0.9834
Val Accuracy after query 140: 0.9700
test Accuracy after query 140: 0.9859
Val Accuracy after query 145: 0.9900
test Accuracy after query 145: 0.9861
Val Accuracy after query 150: 0.9700
test Accuracy after query 150: 0.9873
********** Test Accuracy per experiment: 0.9873 **********
********** Experiment 2 (max_entropy-MC_dropout=True): 0:26:7 **********
********** Experiment Iterations: 3/3 **********
X_init.shape:  (20, 1, 28, 28)
y_init.shape:  (20,)
Val Accuracy after query 5: 0.7700
test Accuracy after query 5: 0.7632
Val Accuracy after query 10: 0.8900
test Accuracy after query 10: 0.8971
Val Accuracy after query 15: 0.9300
test Accuracy after query 15: 0.9431
Val Accuracy after query 20: 0.9400
test Accuracy after query 20: 0.9553
Val Accuracy after query 25: 0.9500
test Accuracy after query 25: 0.9575
Val Accuracy after query 30: 0.9800
test Accuracy after query 30: 0.9696
Val Accuracy after query 35: 0.9600
test Accuracy after query 35: 0.9704
Val Accuracy after query 40: 0.9800
test Accuracy after query 40: 0.9765
Val Accuracy after query 45: 0.9700
test Accuracy after query 45: 0.9714
Val Accuracy after query 50: 0.9600
test Accuracy after query 50: 0.9700
Val Accuracy after query 55: 0.9600
test Accuracy after query 55: 0.9795
Val Accuracy after query 60: 0.9700
test Accuracy after query 60: 0.9762
Val Accuracy after query 65: 0.9700
test Accuracy after query 65: 0.9788
Val Accuracy after query 70: 0.9800
test Accuracy after query 70: 0.9808
Val Accuracy after query 75: 0.9900
test Accuracy after query 75: 0.9807
Val Accuracy after query 80: 0.9700
test Accuracy after query 80: 0.9838
Val Accuracy after query 85: 0.9800
test Accuracy after query 85: 0.9822
Val Accuracy after query 90: 0.9900
test Accuracy after query 90: 0.9833
Val Accuracy after query 95: 0.9900
test Accuracy after query 95: 0.9836
Val Accuracy after query 100: 0.9800
test Accuracy after query 100: 0.9837
Val Accuracy after query 105: 0.9700
test Accuracy after query 105: 0.9836
Val Accuracy after query 110: 0.9900
test Accuracy after query 110: 0.9858
Val Accuracy after query 115: 0.9800
test Accuracy after query 115: 0.9851
Val Accuracy after query 120: 0.9900
test Accuracy after query 120: 0.9850
Val Accuracy after query 125: 0.9900
test Accuracy after query 125: 0.9854
Val Accuracy after query 130: 0.9900
test Accuracy after query 130: 0.9847
Val Accuracy after query 135: 0.9900
test Accuracy after query 135: 0.9840
Val Accuracy after query 140: 0.9900
test Accuracy after query 140: 0.9843
Val Accuracy after query 145: 0.9900
test Accuracy after query 145: 0.9831
Val Accuracy after query 150: 0.9800
test Accuracy after query 150: 0.9862
********** Test Accuracy per experiment: 0.9862 **********
********** Experiment 3 (max_entropy-MC_dropout=True): 0:26:5 **********
Average Test score for max_entropy-MC_dropout=True: 0.9861999999999999
Saved: result_npy/max_entropy-MC_dropout=TrueMNIST.npy

---------- Start bald-MC_dropout=True training! ----------
********** Experiment Iterations: 1/3 **********
X_init.shape:  (20, 1, 28, 28)
y_init.shape:  (20,)
Val Accuracy after query 5: 0.7300
test Accuracy after query 5: 0.7202
Val Accuracy after query 10: 0.8700
test Accuracy after query 10: 0.8268
Val Accuracy after query 15: 0.8900
test Accuracy after query 15: 0.9257
Val Accuracy after query 20: 0.8700
test Accuracy after query 20: 0.9437
Val Accuracy after query 25: 0.9200
test Accuracy after query 25: 0.9447
Val Accuracy after query 30: 0.9200
test Accuracy after query 30: 0.9578
Val Accuracy after query 35: 0.9600
test Accuracy after query 35: 0.9570
Val Accuracy after query 40: 0.9400
test Accuracy after query 40: 0.9671
Val Accuracy after query 45: 0.9400
test Accuracy after query 45: 0.9715
Val Accuracy after query 50: 0.9500
test Accuracy after query 50: 0.9665
Val Accuracy after query 55: 0.9700
test Accuracy after query 55: 0.9687
Val Accuracy after query 60: 0.9700
test Accuracy after query 60: 0.9754
Val Accuracy after query 65: 0.9800
test Accuracy after query 65: 0.9770
Val Accuracy after query 70: 0.9700
test Accuracy after query 70: 0.9785
Val Accuracy after query 75: 0.9900
test Accuracy after query 75: 0.9787
Val Accuracy after query 80: 0.9800
test Accuracy after query 80: 0.9796
Val Accuracy after query 85: 0.9900
test Accuracy after query 85: 0.9725
Val Accuracy after query 90: 0.9900
test Accuracy after query 90: 0.9790
Val Accuracy after query 95: 0.9800
test Accuracy after query 95: 0.9788
Val Accuracy after query 100: 0.9800
test Accuracy after query 100: 0.9788
Val Accuracy after query 105: 0.9700
test Accuracy after query 105: 0.9796
Val Accuracy after query 110: 0.9800
test Accuracy after query 110: 0.9819
Val Accuracy after query 115: 0.9700
test Accuracy after query 115: 0.9776
Val Accuracy after query 120: 0.9900
test Accuracy after query 120: 0.9832
Val Accuracy after query 125: 0.9900
test Accuracy after query 125: 0.9829
Val Accuracy after query 130: 0.9900
test Accuracy after query 130: 0.9843
Val Accuracy after query 135: 0.9900
test Accuracy after query 135: 0.9826
Val Accuracy after query 140: 0.9900
test Accuracy after query 140: 0.9849
Val Accuracy after query 145: 0.9900
test Accuracy after query 145: 0.9836
Val Accuracy after query 150: 0.9800
test Accuracy after query 150: 0.9850
********** Test Accuracy per experiment: 0.985 **********
********** Experiment 1 (bald-MC_dropout=True): 0:26:19 **********
********** Experiment Iterations: 2/3 **********
X_init.shape:  (20, 1, 28, 28)
y_init.shape:  (20,)
Val Accuracy after query 5: 0.7600
test Accuracy after query 5: 0.7791
Val Accuracy after query 10: 0.8700
test Accuracy after query 10: 0.8706
Val Accuracy after query 15: 0.8700
test Accuracy after query 15: 0.9026
Val Accuracy after query 20: 0.8600
test Accuracy after query 20: 0.9044
Val Accuracy after query 25: 0.9500
test Accuracy after query 25: 0.9473
Val Accuracy after query 30: 0.9600
test Accuracy after query 30: 0.9378
Val Accuracy after query 35: 0.9700
test Accuracy after query 35: 0.9630
Val Accuracy after query 40: 0.9500
test Accuracy after query 40: 0.9612
Val Accuracy after query 45: 0.9600
test Accuracy after query 45: 0.9642
Val Accuracy after query 50: 0.9800
test Accuracy after query 50: 0.9690
Val Accuracy after query 55: 0.9800
test Accuracy after query 55: 0.9695
Val Accuracy after query 60: 0.9900
test Accuracy after query 60: 0.9785
Val Accuracy after query 65: 0.9700
test Accuracy after query 65: 0.9751
Val Accuracy after query 70: 0.9800
test Accuracy after query 70: 0.9813
Val Accuracy after query 75: 0.9600
test Accuracy after query 75: 0.9793
Val Accuracy after query 80: 0.9800
test Accuracy after query 80: 0.9810
Val Accuracy after query 85: 0.9800
test Accuracy after query 85: 0.9814
Val Accuracy after query 90: 0.9900
test Accuracy after query 90: 0.9806
Val Accuracy after query 95: 0.9900
test Accuracy after query 95: 0.9831
Val Accuracy after query 100: 0.9900
test Accuracy after query 100: 0.9833
Val Accuracy after query 105: 0.9700
test Accuracy after query 105: 0.9826
Val Accuracy after query 110: 0.9700
test Accuracy after query 110: 0.9792
Val Accuracy after query 115: 0.9700
test Accuracy after query 115: 0.9804
Val Accuracy after query 120: 0.9900
test Accuracy after query 120: 0.9853
Val Accuracy after query 125: 0.9900
test Accuracy after query 125: 0.9845
Val Accuracy after query 130: 0.9900
test Accuracy after query 130: 0.9853
Val Accuracy after query 135: 0.9900
test Accuracy after query 135: 0.9844
Val Accuracy after query 140: 0.9800
test Accuracy after query 140: 0.9857
Val Accuracy after query 145: 0.9900
test Accuracy after query 145: 0.9839
Val Accuracy after query 150: 0.9700
test Accuracy after query 150: 0.9852
********** Test Accuracy per experiment: 0.9852 **********
********** Experiment 2 (bald-MC_dropout=True): 0:26:17 **********
********** Experiment Iterations: 3/3 **********
X_init.shape:  (20, 1, 28, 28)
y_init.shape:  (20,)
Val Accuracy after query 5: 0.7100
test Accuracy after query 5: 0.7265
Val Accuracy after query 10: 0.8700
test Accuracy after query 10: 0.8918
Val Accuracy after query 15: 0.9100
test Accuracy after query 15: 0.9100
Val Accuracy after query 20: 0.9000
test Accuracy after query 20: 0.9408
Val Accuracy after query 25: 0.9200
test Accuracy after query 25: 0.9546
Val Accuracy after query 30: 0.9500
test Accuracy after query 30: 0.9592
Val Accuracy after query 35: 0.9600
test Accuracy after query 35: 0.9641
Val Accuracy after query 40: 0.9700
test Accuracy after query 40: 0.9671
Val Accuracy after query 45: 0.9700
test Accuracy after query 45: 0.9732
Val Accuracy after query 50: 0.9600
test Accuracy after query 50: 0.9752
Val Accuracy after query 55: 0.9900
test Accuracy after query 55: 0.9755
Val Accuracy after query 60: 0.9700
test Accuracy after query 60: 0.9742
Val Accuracy after query 65: 0.9900
test Accuracy after query 65: 0.9772
Val Accuracy after query 70: 0.9900
test Accuracy after query 70: 0.9781
Val Accuracy after query 75: 0.9700
test Accuracy after query 75: 0.9797
Val Accuracy after query 80: 0.9900
test Accuracy after query 80: 0.9810
Val Accuracy after query 85: 0.9900
test Accuracy after query 85: 0.9818
Val Accuracy after query 90: 0.9900
test Accuracy after query 90: 0.9824
Val Accuracy after query 95: 0.9600
test Accuracy after query 95: 0.9788
Val Accuracy after query 100: 0.9700
test Accuracy after query 100: 0.9809
Val Accuracy after query 105: 0.9800
test Accuracy after query 105: 0.9836
Val Accuracy after query 110: 0.9800
test Accuracy after query 110: 0.9845
Val Accuracy after query 115: 0.9900
test Accuracy after query 115: 0.9833
Val Accuracy after query 120: 0.9800
test Accuracy after query 120: 0.9792
Val Accuracy after query 125: 0.9900
test Accuracy after query 125: 0.9848
Val Accuracy after query 130: 0.9900
test Accuracy after query 130: 0.9847
Val Accuracy after query 135: 1.0000
test Accuracy after query 135: 0.9841
Val Accuracy after query 140: 0.9800
test Accuracy after query 140: 0.9862
Val Accuracy after query 145: 0.9900
test Accuracy after query 145: 0.9854
Val Accuracy after query 150: 0.9800
test Accuracy after query 150: 0.9856
********** Test Accuracy per experiment: 0.9856 **********
********** Experiment 3 (bald-MC_dropout=True): 0:26:20 **********
Average Test score for bald-MC_dropout=True: 0.9852666666666666
Saved: result_npy/bald-MC_dropout=TrueMNIST.npy

---------- Start var_ratios-MC_dropout=True training! ----------
********** Experiment Iterations: 1/3 **********
X_init.shape:  (20, 1, 28, 28)
y_init.shape:  (20,)
Val Accuracy after query 5: 0.7300
test Accuracy after query 5: 0.7715
Val Accuracy after query 10: 0.8700
test Accuracy after query 10: 0.9000
Val Accuracy after query 15: 0.9200
test Accuracy after query 15: 0.9393
Val Accuracy after query 20: 0.9500
test Accuracy after query 20: 0.9507
Val Accuracy after query 25: 0.9900
test Accuracy after query 25: 0.9576
Val Accuracy after query 30: 0.9700
test Accuracy after query 30: 0.9579
Val Accuracy after query 35: 0.9900
test Accuracy after query 35: 0.9678
Val Accuracy after query 40: 0.9800
test Accuracy after query 40: 0.9677
Val Accuracy after query 45: 0.9800
test Accuracy after query 45: 0.9696
Val Accuracy after query 50: 0.9700
test Accuracy after query 50: 0.9776
Val Accuracy after query 55: 0.9800
test Accuracy after query 55: 0.9765
Val Accuracy after query 60: 0.9900
test Accuracy after query 60: 0.9778
Val Accuracy after query 65: 0.9800
test Accuracy after query 65: 0.9799
Val Accuracy after query 70: 0.9900
test Accuracy after query 70: 0.9797
Val Accuracy after query 75: 0.9800
test Accuracy after query 75: 0.9828
Val Accuracy after query 80: 0.9800
test Accuracy after query 80: 0.9836
Val Accuracy after query 85: 0.9800
test Accuracy after query 85: 0.9835
Val Accuracy after query 90: 0.9800
test Accuracy after query 90: 0.9843
Val Accuracy after query 95: 0.9800
test Accuracy after query 95: 0.9846
Val Accuracy after query 100: 0.9800
test Accuracy after query 100: 0.9808
Val Accuracy after query 105: 0.9800
test Accuracy after query 105: 0.9832
Val Accuracy after query 110: 0.9800
test Accuracy after query 110: 0.9847
Val Accuracy after query 115: 0.9800
test Accuracy after query 115: 0.9846
Val Accuracy after query 120: 0.9900
test Accuracy after query 120: 0.9818
Val Accuracy after query 125: 0.9900
test Accuracy after query 125: 0.9870
Val Accuracy after query 130: 0.9900
test Accuracy after query 130: 0.9836
Val Accuracy after query 135: 0.9900
test Accuracy after query 135: 0.9840
Val Accuracy after query 140: 0.9800
test Accuracy after query 140: 0.9851
Val Accuracy after query 145: 0.9900
test Accuracy after query 145: 0.9858
Val Accuracy after query 150: 0.9900
test Accuracy after query 150: 0.9874
********** Test Accuracy per experiment: 0.9874 **********
********** Experiment 1 (var_ratios-MC_dropout=True): 0:26:28 **********
********** Experiment Iterations: 2/3 **********
X_init.shape:  (20, 1, 28, 28)
y_init.shape:  (20,)
Val Accuracy after query 5: 0.7700
test Accuracy after query 5: 0.7758
Val Accuracy after query 10: 0.8700
test Accuracy after query 10: 0.9043
Val Accuracy after query 15: 0.9300
test Accuracy after query 15: 0.9351
Val Accuracy after query 20: 0.9300
test Accuracy after query 20: 0.9524
Val Accuracy after query 25: 0.9300
test Accuracy after query 25: 0.9558
Val Accuracy after query 30: 0.9500
test Accuracy after query 30: 0.9633
Val Accuracy after query 35: 0.9900
test Accuracy after query 35: 0.9698
Val Accuracy after query 40: 0.9600
test Accuracy after query 40: 0.9683
Val Accuracy after query 45: 0.9800
test Accuracy after query 45: 0.9735
Val Accuracy after query 50: 0.9800
test Accuracy after query 50: 0.9760
Val Accuracy after query 55: 0.9900
test Accuracy after query 55: 0.9793
Val Accuracy after query 60: 0.9900
test Accuracy after query 60: 0.9793
Val Accuracy after query 65: 0.9800
test Accuracy after query 65: 0.9776
Val Accuracy after query 70: 0.9900
test Accuracy after query 70: 0.9782
Val Accuracy after query 75: 0.9900
test Accuracy after query 75: 0.9798
Val Accuracy after query 80: 0.9600
test Accuracy after query 80: 0.9760
Val Accuracy after query 85: 0.9900
test Accuracy after query 85: 0.9793
Val Accuracy after query 90: 0.9800
test Accuracy after query 90: 0.9770
Val Accuracy after query 95: 0.9900
test Accuracy after query 95: 0.9788
Val Accuracy after query 100: 0.9800
test Accuracy after query 100: 0.9828
Val Accuracy after query 105: 0.9900
test Accuracy after query 105: 0.9826
Val Accuracy after query 110: 0.9900
test Accuracy after query 110: 0.9808
Val Accuracy after query 115: 0.9900
test Accuracy after query 115: 0.9835
Val Accuracy after query 120: 0.9900
test Accuracy after query 120: 0.9853
Val Accuracy after query 125: 0.9900
test Accuracy after query 125: 0.9835
Val Accuracy after query 130: 0.9800
test Accuracy after query 130: 0.9848
Val Accuracy after query 135: 0.9900
test Accuracy after query 135: 0.9866
Val Accuracy after query 140: 0.9900
test Accuracy after query 140: 0.9871
Val Accuracy after query 145: 0.9900
test Accuracy after query 145: 0.9867
Val Accuracy after query 150: 0.9900
test Accuracy after query 150: 0.9858
********** Test Accuracy per experiment: 0.9858 **********
********** Experiment 2 (var_ratios-MC_dropout=True): 0:26:26 **********
********** Experiment Iterations: 3/3 **********
X_init.shape:  (20, 1, 28, 28)
y_init.shape:  (20,)
Val Accuracy after query 5: 0.7800
test Accuracy after query 5: 0.7956
Val Accuracy after query 10: 0.8400
test Accuracy after query 10: 0.8853
Val Accuracy after query 15: 0.9200
test Accuracy after query 15: 0.9303
Val Accuracy after query 20: 0.9700
test Accuracy after query 20: 0.9486
Val Accuracy after query 25: 0.9700
test Accuracy after query 25: 0.9589
Val Accuracy after query 30: 0.9600
test Accuracy after query 30: 0.9640
Val Accuracy after query 35: 0.9700
test Accuracy after query 35: 0.9683
Val Accuracy after query 40: 0.9500
test Accuracy after query 40: 0.9592
Val Accuracy after query 45: 0.9900
test Accuracy after query 45: 0.9763
Val Accuracy after query 50: 0.9900
test Accuracy after query 50: 0.9758
Val Accuracy after query 55: 0.9700
test Accuracy after query 55: 0.9773
Val Accuracy after query 60: 0.9800
test Accuracy after query 60: 0.9797
Val Accuracy after query 65: 0.9700
test Accuracy after query 65: 0.9765
Val Accuracy after query 70: 0.9800
test Accuracy after query 70: 0.9801
Val Accuracy after query 75: 0.9800
test Accuracy after query 75: 0.9804
Val Accuracy after query 80: 0.9900
test Accuracy after query 80: 0.9828
Val Accuracy after query 85: 0.9900
test Accuracy after query 85: 0.9820
Val Accuracy after query 90: 0.9900
test Accuracy after query 90: 0.9814
Val Accuracy after query 95: 0.9900
test Accuracy after query 95: 0.9822
Val Accuracy after query 100: 0.9900
test Accuracy after query 100: 0.9818
Val Accuracy after query 105: 0.9900
test Accuracy after query 105: 0.9835
Val Accuracy after query 110: 0.9900
test Accuracy after query 110: 0.9853
Val Accuracy after query 115: 0.9800
test Accuracy after query 115: 0.9840
Val Accuracy after query 120: 0.9900
test Accuracy after query 120: 0.9851
Val Accuracy after query 125: 0.9700
test Accuracy after query 125: 0.9851
Val Accuracy after query 130: 0.9900
test Accuracy after query 130: 0.9846
Val Accuracy after query 135: 0.9800
test Accuracy after query 135: 0.9840
Val Accuracy after query 140: 0.9800
test Accuracy after query 140: 0.9853
Val Accuracy after query 145: 0.9900
test Accuracy after query 145: 0.9859
Val Accuracy after query 150: 0.9800
test Accuracy after query 150: 0.9847
********** Test Accuracy per experiment: 0.9847 **********
********** Experiment 3 (var_ratios-MC_dropout=True): 0:26:22 **********
Average Test score for var_ratios-MC_dropout=True: 0.9859666666666667
Saved: result_npy/var_ratios-MC_dropout=TrueMNIST.npy

---------- Start mean_std-MC_dropout=True training! ----------
********** Experiment Iterations: 1/3 **********
X_init.shape:  (20, 1, 28, 28)
y_init.shape:  (20,)
Val Accuracy after query 5: 0.7400
test Accuracy after query 5: 0.7928
Val Accuracy after query 10: 0.8600
test Accuracy after query 10: 0.8904
Val Accuracy after query 15: 0.9300
test Accuracy after query 15: 0.9296
Val Accuracy after query 20: 0.9600
test Accuracy after query 20: 0.9413
Val Accuracy after query 25: 0.9600
test Accuracy after query 25: 0.9549
Val Accuracy after query 30: 0.9700
test Accuracy after query 30: 0.9593
Val Accuracy after query 35: 0.9700
test Accuracy after query 35: 0.9705
Val Accuracy after query 40: 0.9700
test Accuracy after query 40: 0.9701
Val Accuracy after query 45: 0.9900
test Accuracy after query 45: 0.9747
Val Accuracy after query 50: 0.9900
test Accuracy after query 50: 0.9758
Val Accuracy after query 55: 0.9800
test Accuracy after query 55: 0.9757
Val Accuracy after query 60: 0.9800
test Accuracy after query 60: 0.9765
Val Accuracy after query 65: 0.9800
test Accuracy after query 65: 0.9775
Val Accuracy after query 70: 0.9800
test Accuracy after query 70: 0.9735
Val Accuracy after query 75: 0.9800
test Accuracy after query 75: 0.9774
Val Accuracy after query 80: 0.9800
test Accuracy after query 80: 0.9763
Val Accuracy after query 85: 0.9900
test Accuracy after query 85: 0.9784
Val Accuracy after query 90: 0.9900
test Accuracy after query 90: 0.9789
Val Accuracy after query 95: 0.9900
test Accuracy after query 95: 0.9798
Val Accuracy after query 100: 0.9700
test Accuracy after query 100: 0.9807
Val Accuracy after query 105: 0.9800
test Accuracy after query 105: 0.9823
Val Accuracy after query 110: 0.9800
test Accuracy after query 110: 0.9833
Val Accuracy after query 115: 0.9800
test Accuracy after query 115: 0.9759
Val Accuracy after query 120: 0.9800
test Accuracy after query 120: 0.9836
Val Accuracy after query 125: 0.9700
test Accuracy after query 125: 0.9844
Val Accuracy after query 130: 0.9700
test Accuracy after query 130: 0.9800
Val Accuracy after query 135: 0.9900
test Accuracy after query 135: 0.9823
Val Accuracy after query 140: 0.9600
test Accuracy after query 140: 0.9838
Val Accuracy after query 145: 0.9800
test Accuracy after query 145: 0.9848
Val Accuracy after query 150: 0.9800
test Accuracy after query 150: 0.9831
********** Test Accuracy per experiment: 0.9831 **********
********** Experiment 1 (mean_std-MC_dropout=True): 0:26:11 **********
********** Experiment Iterations: 2/3 **********
X_init.shape:  (20, 1, 28, 28)
y_init.shape:  (20,)
Val Accuracy after query 5: 0.7400
test Accuracy after query 5: 0.7332
Val Accuracy after query 10: 0.8000
test Accuracy after query 10: 0.8412
Val Accuracy after query 15: 0.9300
test Accuracy after query 15: 0.9189
Val Accuracy after query 20: 0.9500
test Accuracy after query 20: 0.9406
Val Accuracy after query 25: 0.9600
test Accuracy after query 25: 0.9522
Val Accuracy after query 30: 0.9700
test Accuracy after query 30: 0.9675
Val Accuracy after query 35: 0.9700
test Accuracy after query 35: 0.9690
Val Accuracy after query 40: 0.9600
test Accuracy after query 40: 0.9744
Val Accuracy after query 45: 0.9800
test Accuracy after query 45: 0.9763
Val Accuracy after query 50: 0.9800
test Accuracy after query 50: 0.9789
Val Accuracy after query 55: 0.9600
test Accuracy after query 55: 0.9759
Val Accuracy after query 60: 0.9700
test Accuracy after query 60: 0.9785
Val Accuracy after query 65: 0.9800
test Accuracy after query 65: 0.9841
Val Accuracy after query 70: 0.9900
test Accuracy after query 70: 0.9823
Val Accuracy after query 75: 0.9800
test Accuracy after query 75: 0.9835
Val Accuracy after query 80: 0.9700
test Accuracy after query 80: 0.9822
Val Accuracy after query 85: 0.9900
test Accuracy after query 85: 0.9843
Val Accuracy after query 90: 0.9800
test Accuracy after query 90: 0.9838
Val Accuracy after query 95: 0.9900
test Accuracy after query 95: 0.9824
Val Accuracy after query 100: 1.0000
test Accuracy after query 100: 0.9823
Val Accuracy after query 105: 0.9800
test Accuracy after query 105: 0.9812
Val Accuracy after query 110: 1.0000
test Accuracy after query 110: 0.9835
srun: Job step aborted: Waiting up to 32 seconds for job step to finish.
slurmstepd: error: *** STEP 8778698.0 ON r32n5 CANCELLED AT 2022-03-04T19:26:22 DUE TO TIME LIMIT ***
slurmstepd: error: *** JOB 8778698 ON r32n5 CANCELLED AT 2022-03-04T19:26:22 DUE TO TIME LIMIT ***
