/home/wangsh/DBALwithImgData-main/main.py:10: DeprecationWarning: Please use `gaussian_filter1d` from the `scipy.ndimage` namespace, the `scipy.ndimage.filters` namespace is deprecated.
  from scipy.ndimage.filters import gaussian_filter1d
Using device: cuda:0
state_loop:  [True]

---------- Start max_entropy-MC_dropout=True training! ----------
args.dataset is:  GSL_MNIST_imbal_less
label_num is:  25
model.conv1 :  Conv2d(3, 64, kernel_size=(7, 7), stride=(2, 2), padding=(3, 3), bias=False)
******** loading pretrained model *********
pretrained_dir:  cnn_models/ASL_MNIST_imbal_max__model.pkl
********** Experiment Iterations: 1/1 **********
X_init.shape:  (46, 1, 28, 28)
y_init.shape:  (46,)
Val Accuracy after query 5: 0.2500
test Accuracy after query 5: 0.1607
Val Accuracy after query 10: 0.3400
test Accuracy after query 10: 0.1789
Val Accuracy after query 15: 0.3300
test Accuracy after query 15: 0.1946
Val Accuracy after query 20: 0.3200
test Accuracy after query 20: 0.2467
Val Accuracy after query 25: 0.3300
test Accuracy after query 25: 0.2311
Val Accuracy after query 30: 0.3900
test Accuracy after query 30: 0.3224
Val Accuracy after query 35: 0.3900
test Accuracy after query 35: 0.3166
Traceback (most recent call last):
  File "/home/wangsh/DBALwithImgData-main/main.py", line 340, in <module>
    main()
  File "/home/wangsh/DBALwithImgData-main/main.py", line 335, in main
    results = train_active_learning(args, device, datasets)
  File "/home/wangsh/DBALwithImgData-main/main.py", line 176, in train_active_learning
    training_hist, test_score = active_learning_procedure(dataset=args.dataset,
  File "/home/wangsh/DBALwithImgData-main/active_learning.py", line 47, in active_learning_procedure
    query_idx, query_instance = learner.query(
  File "/home/wangsh/.conda/envs/dl2021/lib/python3.9/site-packages/modAL/models/base.py", line 253, in query
    query_result = self.query_strategy(self, X_pool, *query_args, **query_kwargs)
  File "/home/wangsh/DBALwithImgData-main/acquisition_functions.py", line 85, in max_entropy
    acquisition, random_subset = shannon_entropy_function(
  File "/home/wangsh/DBALwithImgData-main/acquisition_functions.py", line 61, in shannon_entropy_function
    outputs, random_subset = predictions_from_pool(model, X_pool, T, training=training)
  File "/home/wangsh/DBALwithImgData-main/acquisition_functions.py", line 16, in predictions_from_pool
    random_subset = np.random.choice(range(len(X_pool)), size=2000, replace=False)
  File "mtrand.pyx", line 965, in numpy.random.mtrand.RandomState.choice
ValueError: Cannot take a larger sample than population when 'replace=False'
srun: error: r30n1: task 0: Exited with exit code 1
