/home/wangsh/DBALwithImgData-main/main.py:10: DeprecationWarning: Please use `gaussian_filter1d` from the `scipy.ndimage` namespace, the `scipy.ndimage.filters` namespace is deprecated.
  from scipy.ndimage.filters import gaussian_filter1d
Using device: cuda:0
state_loop:  [True]

---------- Start max_entropy-MC_dropout=True training! ----------
args.dataset is:  GSL_MNIST_imbal
label_num is:  26
model.conv1 :  Conv2d(3, 64, kernel_size=(7, 7), stride=(2, 2), padding=(3, 3), bias=False)
******** loading pretrained model *********
pretrained_dir:  cnn_models/ASL_MNIST_imbal_max__model.pkl
********** Experiment Iterations: 1/1 **********
X_init.shape:  (46, 1, 28, 28)
y_init.shape:  (46,)
Val Accuracy after query 5: 0.1500
test Accuracy after query 5: 0.1464
Val Accuracy after query 10: 0.1500
test Accuracy after query 10: 0.1694
Val Accuracy after query 15: 0.2100
test Accuracy after query 15: 0.1974
Val Accuracy after query 20: 0.2300
test Accuracy after query 20: 0.2258
Val Accuracy after query 25: 0.3200
test Accuracy after query 25: 0.2484
Val Accuracy after query 30: 0.3600
test Accuracy after query 30: 0.2723
Val Accuracy after query 35: 0.3400
test Accuracy after query 35: 0.2802
Val Accuracy after query 40: 0.4400
test Accuracy after query 40: 0.3020
Val Accuracy after query 45: 0.5000
test Accuracy after query 45: 0.3133
Val Accuracy after query 50: 0.4600
test Accuracy after query 50: 0.3220
Val Accuracy after query 55: 0.5500
test Accuracy after query 55: 0.3530
Val Accuracy after query 60: 0.5700
test Accuracy after query 60: 0.3647
Val Accuracy after query 65: 0.5600
test Accuracy after query 65: 0.3768
Val Accuracy after query 70: 0.6000
test Accuracy after query 70: 0.4216
Val Accuracy after query 75: 0.5700
test Accuracy after query 75: 0.4166
Val Accuracy after query 80: 0.6400
test Accuracy after query 80: 0.4404
Val Accuracy after query 85: 0.6400
test Accuracy after query 85: 0.4463
Val Accuracy after query 90: 0.6500
test Accuracy after query 90: 0.4429
Val Accuracy after query 95: 0.6200
test Accuracy after query 95: 0.4659
Val Accuracy after query 100: 0.7000
test Accuracy after query 100: 0.4923
Val Accuracy after query 105: 0.7000
test Accuracy after query 105: 0.5073
Val Accuracy after query 110: 0.7600
test Accuracy after query 110: 0.4923
Val Accuracy after query 115: 0.7700
test Accuracy after query 115: 0.5420
Val Accuracy after query 120: 0.7900
test Accuracy after query 120: 0.5425
********** Test Accuracy per experiment: 0.5424508573818486 **********
********** Experiment 1 (max_entropy-MC_dropout=True): 0:56:15 **********
Average Test score for max_entropy-MC_dropout=True: 0.5424508573818486
--------------- Done Training! ---------------
/home/wangsh/DBALwithImgData-main/main.py:112: UserWarning: Matplotlib is currently using agg, which is a non-GUI backend, so cannot show the figure.
  plt.show()
